{"/Users/sarthak/Desktop/fleet/saas-maker/workers/api/src/ai-gateway.ts": {"path":"/Users/sarthak/Desktop/fleet/saas-maker/workers/api/src/ai-gateway.ts","statementMap":{"0":{"start":{"line":10,"column":2},"end":{"line":10,"column":null}},"1":{"start":{"line":10,"column":15},"end":{"line":10,"column":null}},"2":{"start":{"line":11,"column":2},"end":{"line":11,"column":null}},"3":{"start":{"line":11,"column":26},"end":{"line":11,"column":null}},"4":{"start":{"line":12,"column":2},"end":{"line":12,"column":null}},"5":{"start":{"line":16,"column":2},"end":{"line":21,"column":null}},"6":{"start":{"line":24,"column":29},"end":{"line":24,"column":null}},"7":{"start":{"line":27,"column":17},"end":{"line":27,"column":null}},"8":{"start":{"line":27,"column":45},"end":{"line":27,"column":70}},"9":{"start":{"line":28,"column":2},"end":{"line":28,"column":null}},"10":{"start":{"line":32,"column":17},"end":{"line":32,"column":null}},"11":{"start":{"line":33,"column":17},"end":{"line":33,"column":null}},"12":{"start":{"line":34,"column":2},"end":{"line":34,"column":null}},"13":{"start":{"line":34,"column":43},"end":{"line":34,"column":61}},"14":{"start":{"line":38,"column":2},"end":{"line":38,"column":null}},"15":{"start":{"line":42,"column":17},"end":{"line":42,"column":null}},"16":{"start":{"line":43,"column":2},"end":{"line":43,"column":null}},"17":{"start":{"line":47,"column":2},"end":{"line":47,"column":null}},"18":{"start":{"line":51,"column":2},"end":{"line":51,"column":null}},"19":{"start":{"line":51,"column":49},"end":{"line":51,"column":null}},"20":{"start":{"line":53,"column":13},"end":{"line":53,"column":null}},"21":{"start":{"line":54,"column":14},"end":{"line":54,"column":null}},"22":{"start":{"line":55,"column":21},"end":{"line":59,"column":null}},"23":{"start":{"line":61,"column":2},"end":{"line":61,"column":null}},"24":{"start":{"line":65,"column":2},"end":{"line":65,"column":null}},"25":{"start":{"line":65,"column":48},"end":{"line":65,"column":null}},"26":{"start":{"line":66,"column":2},"end":{"line":68,"column":null}},"27":{"start":{"line":67,"column":4},"end":{"line":67,"column":null}},"28":{"start":{"line":70,"column":18},"end":{"line":70,"column":null}},"29":{"start":{"line":71,"column":31},"end":{"line":71,"column":null}},"30":{"start":{"line":72,"column":2},"end":{"line":74,"column":null}},"31":{"start":{"line":73,"column":4},"end":{"line":73,"column":null}},"32":{"start":{"line":76,"column":14},"end":{"line":76,"column":null}},"33":{"start":{"line":77,"column":20},"end":{"line":81,"column":null}},"34":{"start":{"line":82,"column":2},"end":{"line":82,"column":null}},"35":{"start":{"line":86,"column":15},"end":{"line":86,"column":null}},"36":{"start":{"line":87,"column":2},"end":{"line":87,"column":null}},"37":{"start":{"line":87,"column":37},"end":{"line":87,"column":null}},"38":{"start":{"line":88,"column":2},"end":{"line":88,"column":null}},"39":{"start":{"line":88,"column":28},"end":{"line":88,"column":null}},"40":{"start":{"line":89,"column":2},"end":{"line":89,"column":null}},"41":{"start":{"line":93,"column":2},"end":{"line":93,"column":null}},"42":{"start":{"line":93,"column":16},"end":{"line":93,"column":null}},"43":{"start":{"line":94,"column":2},"end":{"line":94,"column":null}},"44":{"start":{"line":101,"column":2},"end":{"line":103,"column":null}},"45":{"start":{"line":102,"column":4},"end":{"line":102,"column":null}},"46":{"start":{"line":105,"column":17},"end":{"line":105,"column":null}},"47":{"start":{"line":106,"column":2},"end":{"line":106,"column":null}},"48":{"start":{"line":106,"column":14},"end":{"line":106,"column":null}},"49":{"start":{"line":109,"column":4},"end":{"line":113,"column":null}},"50":{"start":{"line":116,"column":4},"end":{"line":120,"column":null}},"51":{"start":{"line":122,"column":2},"end":{"line":122,"column":null}}},"fnMap":{"0":{"name":"maskProviderKey","decl":{"start":{"line":9,"column":16},"end":{"line":9,"column":32}},"loc":{"start":{"line":9,"column":82},"end":{"line":13,"column":null}},"line":9},"1":{"name":"toPublicAIConfig","decl":{"start":{"line":15,"column":16},"end":{"line":15,"column":33}},"loc":{"start":{"line":15,"column":75},"end":{"line":22,"column":null}},"line":15},"2":{"name":"encodeBase64Url","decl":{"start":{"line":26,"column":9},"end":{"line":26,"column":25}},"loc":{"start":{"line":26,"column":52},"end":{"line":29,"column":null}},"line":26},"3":{"name":"(anonymous_3)","decl":{"start":{"line":27,"column":35},"end":{"line":27,"column":36}},"loc":{"start":{"line":27,"column":45},"end":{"line":27,"column":70}},"line":27},"4":{"name":"decodeBase64Url","decl":{"start":{"line":31,"column":9},"end":{"line":31,"column":25}},"loc":{"start":{"line":31,"column":52},"end":{"line":35,"column":null}},"line":31},"5":{"name":"(anonymous_5)","decl":{"start":{"line":34,"column":33},"end":{"line":34,"column":34}},"loc":{"start":{"line":34,"column":43},"end":{"line":34,"column":61}},"line":34},"6":{"name":"toArrayBuffer","decl":{"start":{"line":37,"column":9},"end":{"line":37,"column":23}},"loc":{"start":{"line":37,"column":55},"end":{"line":39,"column":null}},"line":37},"7":{"name":"deriveProviderKey","decl":{"start":{"line":41,"column":15},"end":{"line":41,"column":33}},"loc":{"start":{"line":41,"column":69},"end":{"line":44,"column":null}},"line":41},"8":{"name":"isEncryptedProviderKey","decl":{"start":{"line":46,"column":16},"end":{"line":46,"column":39}},"loc":{"start":{"line":46,"column":82},"end":{"line":48,"column":null}},"line":46},"9":{"name":"encryptProviderKey","decl":{"start":{"line":50,"column":22},"end":{"line":50,"column":41}},"loc":{"start":{"line":50,"column":91},"end":{"line":62,"column":null}},"line":50},"10":{"name":"decryptProviderKey","decl":{"start":{"line":64,"column":22},"end":{"line":64,"column":41}},"loc":{"start":{"line":64,"column":104},"end":{"line":83,"column":null}},"line":64},"11":{"name":"buildProviderEndpoint","decl":{"start":{"line":85,"column":16},"end":{"line":85,"column":38}},"loc":{"start":{"line":85,"column":108},"end":{"line":90,"column":null}},"line":85},"12":{"name":"truncateProviderError","decl":{"start":{"line":92,"column":16},"end":{"line":92,"column":38}},"loc":{"start":{"line":92,"column":94},"end":{"line":95,"column":null}},"line":92},"13":{"name":"extractUsageTokens","decl":{"start":{"line":97,"column":16},"end":{"line":97,"column":35}},"loc":{"start":{"line":100,"column":2},"end":{"line":123,"column":null}},"line":100}},"branchMap":{"0":{"loc":{"start":{"line":10,"column":2},"end":{"line":10,"column":null}},"type":"if","locations":[{"start":{"line":10,"column":2},"end":{"line":10,"column":null}},{"start":{},"end":{}}],"line":10},"1":{"loc":{"start":{"line":11,"column":2},"end":{"line":11,"column":null}},"type":"if","locations":[{"start":{"line":11,"column":2},"end":{"line":11,"column":null}},{"start":{},"end":{}}],"line":11},"2":{"loc":{"start":{"line":51,"column":2},"end":{"line":51,"column":null}},"type":"if","locations":[{"start":{"line":51,"column":2},"end":{"line":51,"column":null}},{"start":{},"end":{}}],"line":51},"3":{"loc":{"start":{"line":51,"column":6},"end":{"line":51,"column":49}},"type":"binary-expr","locations":[{"start":{"line":51,"column":6},"end":{"line":51,"column":17}},{"start":{"line":51,"column":17},"end":{"line":51,"column":49}}],"line":51},"4":{"loc":{"start":{"line":65,"column":2},"end":{"line":65,"column":null}},"type":"if","locations":[{"start":{"line":65,"column":2},"end":{"line":65,"column":null}},{"start":{},"end":{}}],"line":65},"5":{"loc":{"start":{"line":65,"column":6},"end":{"line":65,"column":48}},"type":"binary-expr","locations":[{"start":{"line":65,"column":6},"end":{"line":65,"column":16}},{"start":{"line":65,"column":16},"end":{"line":65,"column":48}}],"line":65},"6":{"loc":{"start":{"line":66,"column":2},"end":{"line":68,"column":null}},"type":"if","locations":[{"start":{"line":66,"column":2},"end":{"line":68,"column":null}},{"start":{},"end":{}}],"line":66},"7":{"loc":{"start":{"line":72,"column":2},"end":{"line":74,"column":null}},"type":"if","locations":[{"start":{"line":72,"column":2},"end":{"line":74,"column":null}},{"start":{},"end":{}}],"line":72},"8":{"loc":{"start":{"line":72,"column":6},"end":{"line":72,"column":30}},"type":"binary-expr","locations":[{"start":{"line":72,"column":6},"end":{"line":72,"column":17}},{"start":{"line":72,"column":17},"end":{"line":72,"column":30}}],"line":72},"9":{"loc":{"start":{"line":87,"column":2},"end":{"line":87,"column":null}},"type":"if","locations":[{"start":{"line":87,"column":2},"end":{"line":87,"column":null}},{"start":{},"end":{}}],"line":87},"10":{"loc":{"start":{"line":88,"column":2},"end":{"line":88,"column":null}},"type":"if","locations":[{"start":{"line":88,"column":2},"end":{"line":88,"column":null}},{"start":{},"end":{}}],"line":88},"11":{"loc":{"start":{"line":92,"column":62},"end":{"line":92,"column":94}},"type":"default-arg","locations":[{"start":{"line":92,"column":74},"end":{"line":92,"column":94}}],"line":92},"12":{"loc":{"start":{"line":93,"column":2},"end":{"line":93,"column":null}},"type":"if","locations":[{"start":{"line":93,"column":2},"end":{"line":93,"column":null}},{"start":{},"end":{}}],"line":93},"13":{"loc":{"start":{"line":94,"column":9},"end":{"line":94,"column":null}},"type":"cond-expr","locations":[{"start":{"line":94,"column":38},"end":{"line":94,"column":76}},{"start":{"line":94,"column":76},"end":{"line":94,"column":null}}],"line":94},"14":{"loc":{"start":{"line":101,"column":2},"end":{"line":103,"column":null}},"type":"if","locations":[{"start":{"line":101,"column":2},"end":{"line":103,"column":null}},{"start":{},"end":{}}],"line":101},"15":{"loc":{"start":{"line":101,"column":6},"end":{"line":101,"column":72}},"type":"binary-expr","locations":[{"start":{"line":101,"column":6},"end":{"line":101,"column":18}},{"start":{"line":101,"column":18},"end":{"line":101,"column":49}},{"start":{"line":101,"column":49},"end":{"line":101,"column":72}}],"line":101},"16":{"loc":{"start":{"line":106,"column":2},"end":{"line":106,"column":null}},"type":"if","locations":[{"start":{"line":106,"column":2},"end":{"line":106,"column":null}},{"start":{},"end":{}}],"line":106},"17":{"loc":{"start":{"line":109,"column":4},"end":{"line":113,"column":null}},"type":"cond-expr","locations":[{"start":{"line":110,"column":8},"end":{"line":110,"column":null}},{"start":{"line":111,"column":8},"end":{"line":113,"column":null}}],"line":109},"18":{"loc":{"start":{"line":111,"column":8},"end":{"line":113,"column":null}},"type":"cond-expr","locations":[{"start":{"line":112,"column":10},"end":{"line":112,"column":null}},{"start":{"line":113,"column":10},"end":{"line":113,"column":null}}],"line":111},"19":{"loc":{"start":{"line":116,"column":4},"end":{"line":120,"column":null}},"type":"cond-expr","locations":[{"start":{"line":117,"column":8},"end":{"line":117,"column":null}},{"start":{"line":118,"column":8},"end":{"line":120,"column":null}}],"line":116},"20":{"loc":{"start":{"line":118,"column":8},"end":{"line":120,"column":null}},"type":"cond-expr","locations":[{"start":{"line":119,"column":10},"end":{"line":119,"column":null}},{"start":{"line":120,"column":10},"end":{"line":120,"column":null}}],"line":118}},"s":{"0":5,"1":0,"2":5,"3":0,"4":5,"5":4,"6":11,"7":4,"8":100,"9":4,"10":4,"11":4,"12":4,"13":100,"14":4,"15":4,"16":4,"17":9,"18":2,"19":0,"20":2,"21":2,"22":2,"23":2,"24":7,"25":5,"26":2,"27":0,"28":2,"29":2,"30":2,"31":0,"32":2,"33":2,"34":2,"35":3,"36":3,"37":0,"38":3,"39":3,"40":0,"41":3,"42":2,"43":1,"44":3,"45":1,"46":2,"47":2,"48":2,"49":2,"50":3,"51":3},"f":{"0":5,"1":4,"2":4,"3":100,"4":4,"5":100,"6":4,"7":4,"8":9,"9":2,"10":7,"11":3,"12":3,"13":3},"b":{"0":[0,5],"1":[0,5],"2":[0,2],"3":[2,2],"4":[5,2],"5":[7,7],"6":[0,2],"7":[0,2],"8":[2,2],"9":[0,3],"10":[3,0],"11":[3],"12":[2,1],"13":[0,1],"14":[1,2],"15":[3,3,3],"16":[0,2],"17":[0,2],"18":[2,0],"19":[0,2],"20":[1,1]},"meta":{"lastBranch":21,"lastFunction":14,"lastStatement":52,"seen":{"f:9:16:9:32":0,"b:10:2:10:Infinity:undefined:undefined:undefined:undefined":0,"s:10:2:10:Infinity":0,"s:10:15:10:Infinity":1,"b:11:2:11:Infinity:undefined:undefined:undefined:undefined":1,"s:11:2:11:Infinity":2,"s:11:26:11:Infinity":3,"s:12:2:12:Infinity":4,"f:15:16:15:33":1,"s:16:2:21:Infinity":5,"s:24:29:24:Infinity":6,"f:26:9:26:25":2,"s:27:17:27:Infinity":7,"f:27:35:27:36":3,"s:27:45:27:70":8,"s:28:2:28:Infinity":9,"f:31:9:31:25":4,"s:32:17:32:Infinity":10,"s:33:17:33:Infinity":11,"s:34:2:34:Infinity":12,"f:34:33:34:34":5,"s:34:43:34:61":13,"f:37:9:37:23":6,"s:38:2:38:Infinity":14,"f:41:15:41:33":7,"s:42:17:42:Infinity":15,"s:43:2:43:Infinity":16,"f:46:16:46:39":8,"s:47:2:47:Infinity":17,"f:50:22:50:41":9,"b:51:2:51:Infinity:undefined:undefined:undefined:undefined":2,"s:51:2:51:Infinity":18,"b:51:6:51:17:51:17:51:49":3,"s:51:49:51:Infinity":19,"s:53:13:53:Infinity":20,"s:54:14:54:Infinity":21,"s:55:21:59:Infinity":22,"s:61:2:61:Infinity":23,"f:64:22:64:41":10,"b:65:2:65:Infinity:undefined:undefined:undefined:undefined":4,"s:65:2:65:Infinity":24,"b:65:6:65:16:65:16:65:48":5,"s:65:48:65:Infinity":25,"b:66:2:68:Infinity:undefined:undefined:undefined:undefined":6,"s:66:2:68:Infinity":26,"s:67:4:67:Infinity":27,"s:70:18:70:Infinity":28,"s:71:31:71:Infinity":29,"b:72:2:74:Infinity:undefined:undefined:undefined:undefined":7,"s:72:2:74:Infinity":30,"b:72:6:72:17:72:17:72:30":8,"s:73:4:73:Infinity":31,"s:76:14:76:Infinity":32,"s:77:20:81:Infinity":33,"s:82:2:82:Infinity":34,"f:85:16:85:38":11,"s:86:15:86:Infinity":35,"b:87:2:87:Infinity:undefined:undefined:undefined:undefined":9,"s:87:2:87:Infinity":36,"s:87:37:87:Infinity":37,"b:88:2:88:Infinity:undefined:undefined:undefined:undefined":10,"s:88:2:88:Infinity":38,"s:88:28:88:Infinity":39,"s:89:2:89:Infinity":40,"f:92:16:92:38":12,"b:92:74:92:94":11,"b:93:2:93:Infinity:undefined:undefined:undefined:undefined":12,"s:93:2:93:Infinity":41,"s:93:16:93:Infinity":42,"s:94:2:94:Infinity":43,"b:94:38:94:76:94:76:94:Infinity":13,"f:97:16:97:35":13,"b:101:2:103:Infinity:undefined:undefined:undefined:undefined":14,"s:101:2:103:Infinity":44,"b:101:6:101:18:101:18:101:49:101:49:101:72":15,"s:102:4:102:Infinity":45,"s:105:17:105:Infinity":46,"b:106:2:106:Infinity:undefined:undefined:undefined:undefined":16,"s:106:2:106:Infinity":47,"s:106:14:106:Infinity":48,"s:109:4:113:Infinity":49,"b:110:8:110:Infinity:111:8:113:Infinity":17,"b:112:10:112:Infinity:113:10:113:Infinity":18,"s:116:4:120:Infinity":50,"b:117:8:117:Infinity:118:8:120:Infinity":19,"b:119:10:119:Infinity:120:10:120:Infinity":20,"s:122:2:122:Infinity":51}}}
,"/Users/sarthak/Desktop/fleet/saas-maker/workers/api/src/db.ts": {"path":"/Users/sarthak/Desktop/fleet/saas-maker/workers/api/src/db.ts","statementMap":{"0":{"start":{"line":102,"column":2},"end":{"line":102,"column":null}},"1":{"start":{"line":102,"column":26},"end":{"line":102,"column":null}},"2":{"start":{"line":102,"column":66},"end":{"line":102,"column":88}},"3":{"start":{"line":103,"column":2},"end":{"line":103,"column":null}},"4":{"start":{"line":103,"column":46},"end":{"line":103,"column":null}},"5":{"start":{"line":104,"column":2},"end":{"line":109,"column":null}},"6":{"start":{"line":105,"column":19},"end":{"line":105,"column":null}},"7":{"start":{"line":106,"column":4},"end":{"line":106,"column":null}},"8":{"start":{"line":106,"column":71},"end":{"line":106,"column":93}},"9":{"start":{"line":108,"column":4},"end":{"line":108,"column":null}},"10":{"start":{"line":113,"column":2},"end":{"line":113,"column":null}},"11":{"start":{"line":113,"column":12},"end":{"line":113,"column":null}},"12":{"start":{"line":114,"column":2},"end":{"line":120,"column":null}},"13":{"start":{"line":124,"column":2},"end":{"line":124,"column":null}},"14":{"start":{"line":124,"column":12},"end":{"line":124,"column":null}},"15":{"start":{"line":125,"column":2},"end":{"line":129,"column":null}},"16":{"start":{"line":133,"column":2},"end":{"line":133,"column":null}},"17":{"start":{"line":133,"column":29},"end":{"line":133,"column":null}},"18":{"start":{"line":134,"column":15},"end":{"line":134,"column":null}},"19":{"start":{"line":135,"column":2},"end":{"line":137,"column":null}},"20":{"start":{"line":136,"column":4},"end":{"line":136,"column":null}},"21":{"start":{"line":136,"column":51},"end":{"line":136,"column":null}},"22":{"start":{"line":138,"column":2},"end":{"line":138,"column":null}},"23":{"start":{"line":197,"column":2},"end":{"line":197,"column":null}},"24":{"start":{"line":197,"column":36},"end":{"line":197,"column":null}},"25":{"start":{"line":198,"column":2},"end":{"line":198,"column":null}},"26":{"start":{"line":198,"column":38},"end":{"line":198,"column":null}},"27":{"start":{"line":199,"column":2},"end":{"line":199,"column":null}},"28":{"start":{"line":208,"column":2},"end":{"line":208,"column":null}},"29":{"start":{"line":208,"column":12},"end":{"line":208,"column":null}},"30":{"start":{"line":209,"column":2},"end":{"line":209,"column":null}},"31":{"start":{"line":213,"column":2},"end":{"line":213,"column":null}},"32":{"start":{"line":217,"column":2},"end":{"line":220,"column":null}},"33":{"start":{"line":224,"column":8},"end":{"line":224,"column":null}},"34":{"start":{"line":225,"column":2},"end":{"line":1652,"column":null}},"35":{"start":{"line":228,"column":6},"end":{"line":234,"column":null}},"36":{"start":{"line":236,"column":18},"end":{"line":237,"column":null}},"37":{"start":{"line":238,"column":6},"end":{"line":238,"column":null}},"38":{"start":{"line":242,"column":18},"end":{"line":242,"column":null}},"39":{"start":{"line":243,"column":6},"end":{"line":243,"column":null}},"40":{"start":{"line":248,"column":6},"end":{"line":251,"column":null}},"41":{"start":{"line":255,"column":18},"end":{"line":258,"column":null}},"42":{"start":{"line":259,"column":6},"end":{"line":259,"column":null}},"43":{"start":{"line":263,"column":6},"end":{"line":263,"column":null}},"44":{"start":{"line":268,"column":21},"end":{"line":268,"column":null}},"45":{"start":{"line":269,"column":21},"end":{"line":269,"column":null}},"46":{"start":{"line":270,"column":6},"end":{"line":273,"column":null}},"47":{"start":{"line":274,"column":18},"end":{"line":274,"column":null}},"48":{"start":{"line":275,"column":6},"end":{"line":275,"column":null}},"49":{"start":{"line":279,"column":18},"end":{"line":279,"column":null}},"50":{"start":{"line":280,"column":6},"end":{"line":280,"column":null}},"51":{"start":{"line":284,"column":18},"end":{"line":284,"column":null}},"52":{"start":{"line":285,"column":6},"end":{"line":285,"column":null}},"53":{"start":{"line":289,"column":18},"end":{"line":289,"column":null}},"54":{"start":{"line":290,"column":6},"end":{"line":290,"column":null}},"55":{"start":{"line":295,"column":21},"end":{"line":297,"column":null}},"56":{"start":{"line":298,"column":19},"end":{"line":298,"column":null}},"57":{"start":{"line":299,"column":6},"end":{"line":299,"column":null}},"58":{"start":{"line":303,"column":29},"end":{"line":303,"column":null}},"59":{"start":{"line":304,"column":32},"end":{"line":304,"column":null}},"60":{"start":{"line":305,"column":6},"end":{"line":305,"column":null}},"61":{"start":{"line":305,"column":38},"end":{"line":305,"column":61}},"62":{"start":{"line":305,"column":61},"end":{"line":305,"column":86}},"63":{"start":{"line":306,"column":6},"end":{"line":306,"column":null}},"64":{"start":{"line":306,"column":49},"end":{"line":306,"column":83}},"65":{"start":{"line":306,"column":83},"end":{"line":306,"column":119}},"66":{"start":{"line":307,"column":6},"end":{"line":307,"column":null}},"67":{"start":{"line":307,"column":40},"end":{"line":307,"column":65}},"68":{"start":{"line":307,"column":65},"end":{"line":307,"column":92}},"69":{"start":{"line":308,"column":6},"end":{"line":308,"column":null}},"70":{"start":{"line":308,"column":41},"end":{"line":308,"column":67}},"71":{"start":{"line":308,"column":67},"end":{"line":308,"column":95}},"72":{"start":{"line":310,"column":6},"end":{"line":314,"column":null}},"73":{"start":{"line":311,"column":20},"end":{"line":311,"column":null}},"74":{"start":{"line":312,"column":8},"end":{"line":312,"column":null}},"75":{"start":{"line":313,"column":8},"end":{"line":313,"column":null}},"76":{"start":{"line":315,"column":18},"end":{"line":315,"column":null}},"77":{"start":{"line":316,"column":6},"end":{"line":316,"column":null}},"78":{"start":{"line":320,"column":23},"end":{"line":320,"column":null}},"79":{"start":{"line":321,"column":6},"end":{"line":321,"column":null}},"80":{"start":{"line":326,"column":21},"end":{"line":326,"column":null}},"81":{"start":{"line":327,"column":6},"end":{"line":330,"column":null}},"82":{"start":{"line":331,"column":18},"end":{"line":331,"column":null}},"83":{"start":{"line":332,"column":6},"end":{"line":332,"column":null}},"84":{"start":{"line":336,"column":18},"end":{"line":336,"column":null}},"85":{"start":{"line":337,"column":6},"end":{"line":337,"column":null}},"86":{"start":{"line":343,"column":70},"end":{"line":343,"column":null}},"87":{"start":{"line":344,"column":12},"end":{"line":344,"column":null}},"88":{"start":{"line":346,"column":35},"end":{"line":346,"column":null}},"89":{"start":{"line":347,"column":36},"end":{"line":347,"column":null}},"90":{"start":{"line":348,"column":6},"end":{"line":348,"column":null}},"91":{"start":{"line":348,"column":18},"end":{"line":348,"column":49}},"92":{"start":{"line":348,"column":49},"end":{"line":348,"column":72}},"93":{"start":{"line":349,"column":6},"end":{"line":349,"column":null}},"94":{"start":{"line":349,"column":20},"end":{"line":349,"column":53}},"95":{"start":{"line":349,"column":53},"end":{"line":349,"column":78}},"96":{"start":{"line":351,"column":20},"end":{"line":351,"column":null}},"97":{"start":{"line":352,"column":22},"end":{"line":354,"column":null}},"98":{"start":{"line":357,"column":22},"end":{"line":357,"column":null}},"99":{"start":{"line":358,"column":6},"end":{"line":358,"column":null}},"100":{"start":{"line":358,"column":16},"end":{"line":358,"column":null}},"101":{"start":{"line":359,"column":6},"end":{"line":359,"column":null}},"102":{"start":{"line":359,"column":18},"end":{"line":359,"column":null}},"103":{"start":{"line":363,"column":23},"end":{"line":382,"column":null}},"104":{"start":{"line":384,"column":38},"end":{"line":387,"column":null}},"105":{"start":{"line":388,"column":20},"end":{"line":388,"column":null}},"106":{"start":{"line":389,"column":30},"end":{"line":389,"column":null}},"107":{"start":{"line":391,"column":6},"end":{"line":394,"column":null}},"108":{"start":{"line":398,"column":6},"end":{"line":400,"column":null}},"109":{"start":{"line":401,"column":18},"end":{"line":401,"column":null}},"110":{"start":{"line":402,"column":6},"end":{"line":402,"column":null}},"111":{"start":{"line":406,"column":23},"end":{"line":406,"column":null}},"112":{"start":{"line":407,"column":6},"end":{"line":407,"column":null}},"113":{"start":{"line":412,"column":23},"end":{"line":414,"column":null}},"114":{"start":{"line":416,"column":6},"end":{"line":427,"column":null}},"115":{"start":{"line":417,"column":8},"end":{"line":419,"column":null}},"116":{"start":{"line":420,"column":8},"end":{"line":424,"column":null}},"117":{"start":{"line":421,"column":10},"end":{"line":421,"column":null}},"118":{"start":{"line":423,"column":10},"end":{"line":423,"column":null}},"119":{"start":{"line":425,"column":25},"end":{"line":425,"column":null}},"120":{"start":{"line":426,"column":8},"end":{"line":426,"column":null}},"121":{"start":{"line":429,"column":27},"end":{"line":429,"column":null}},"122":{"start":{"line":430,"column":6},"end":{"line":432,"column":null}},"123":{"start":{"line":431,"column":8},"end":{"line":431,"column":null}},"124":{"start":{"line":434,"column":6},"end":{"line":436,"column":null}},"125":{"start":{"line":438,"column":6},"end":{"line":446,"column":null}},"126":{"start":{"line":439,"column":8},"end":{"line":441,"column":null}},"127":{"start":{"line":442,"column":6},"end":{"line":446,"column":null}},"128":{"start":{"line":443,"column":8},"end":{"line":445,"column":null}},"129":{"start":{"line":448,"column":22},"end":{"line":448,"column":null}},"130":{"start":{"line":449,"column":6},"end":{"line":449,"column":null}},"131":{"start":{"line":453,"column":23},"end":{"line":455,"column":null}},"132":{"start":{"line":456,"column":6},"end":{"line":456,"column":null}},"133":{"start":{"line":456,"column":21},"end":{"line":456,"column":null}},"134":{"start":{"line":458,"column":6},"end":{"line":458,"column":null}},"135":{"start":{"line":460,"column":6},"end":{"line":468,"column":null}},"136":{"start":{"line":461,"column":8},"end":{"line":463,"column":null}},"137":{"start":{"line":465,"column":8},"end":{"line":467,"column":null}},"138":{"start":{"line":470,"column":6},"end":{"line":470,"column":null}},"139":{"start":{"line":474,"column":18},"end":{"line":476,"column":null}},"140":{"start":{"line":477,"column":6},"end":{"line":477,"column":null}},"141":{"start":{"line":481,"column":18},"end":{"line":483,"column":null}},"142":{"start":{"line":484,"column":6},"end":{"line":484,"column":null}},"143":{"start":{"line":488,"column":18},"end":{"line":490,"column":null}},"144":{"start":{"line":491,"column":6},"end":{"line":491,"column":null}},"145":{"start":{"line":496,"column":21},"end":{"line":498,"column":null}},"146":{"start":{"line":499,"column":23},"end":{"line":499,"column":null}},"147":{"start":{"line":500,"column":6},"end":{"line":502,"column":null}},"148":{"start":{"line":503,"column":18},"end":{"line":503,"column":null}},"149":{"start":{"line":504,"column":6},"end":{"line":504,"column":null}},"150":{"start":{"line":508,"column":18},"end":{"line":510,"column":null}},"151":{"start":{"line":511,"column":6},"end":{"line":511,"column":null}},"152":{"start":{"line":515,"column":12},"end":{"line":515,"column":null}},"153":{"start":{"line":516,"column":23},"end":{"line":518,"column":null}},"154":{"start":{"line":519,"column":26},"end":{"line":521,"column":null}},"155":{"start":{"line":522,"column":6},"end":{"line":522,"column":null}},"156":{"start":{"line":526,"column":23},"end":{"line":526,"column":null}},"157":{"start":{"line":527,"column":6},"end":{"line":527,"column":null}},"158":{"start":{"line":543,"column":6},"end":{"line":546,"column":null}},"159":{"start":{"line":547,"column":18},"end":{"line":547,"column":null}},"160":{"start":{"line":548,"column":6},"end":{"line":548,"column":null}},"161":{"start":{"line":552,"column":26},"end":{"line":552,"column":null}},"162":{"start":{"line":553,"column":26},"end":{"line":558,"column":null}},"163":{"start":{"line":559,"column":6},"end":{"line":559,"column":null}},"164":{"start":{"line":563,"column":12},"end":{"line":563,"column":null}},"165":{"start":{"line":564,"column":23},"end":{"line":566,"column":null}},"166":{"start":{"line":567,"column":26},"end":{"line":571,"column":null}},"167":{"start":{"line":572,"column":6},"end":{"line":572,"column":null}},"168":{"start":{"line":576,"column":18},"end":{"line":583,"column":null}},"169":{"start":{"line":584,"column":6},"end":{"line":589,"column":null}},"170":{"start":{"line":593,"column":6},"end":{"line":595,"column":null}},"171":{"start":{"line":596,"column":18},"end":{"line":596,"column":null}},"172":{"start":{"line":597,"column":6},"end":{"line":597,"column":null}},"173":{"start":{"line":601,"column":23},"end":{"line":601,"column":null}},"174":{"start":{"line":602,"column":6},"end":{"line":602,"column":null}},"175":{"start":{"line":606,"column":18},"end":{"line":606,"column":null}},"176":{"start":{"line":607,"column":6},"end":{"line":607,"column":null}},"177":{"start":{"line":612,"column":6},"end":{"line":614,"column":null}},"178":{"start":{"line":618,"column":18},"end":{"line":618,"column":null}},"179":{"start":{"line":619,"column":6},"end":{"line":619,"column":null}},"180":{"start":{"line":623,"column":6},"end":{"line":625,"column":null}},"181":{"start":{"line":629,"column":6},"end":{"line":629,"column":null}},"182":{"start":{"line":633,"column":6},"end":{"line":633,"column":null}},"183":{"start":{"line":637,"column":18},"end":{"line":637,"column":null}},"184":{"start":{"line":638,"column":6},"end":{"line":638,"column":null}},"185":{"start":{"line":643,"column":27},"end":{"line":643,"column":null}},"186":{"start":{"line":644,"column":6},"end":{"line":647,"column":null}},"187":{"start":{"line":648,"column":18},"end":{"line":648,"column":null}},"188":{"start":{"line":649,"column":6},"end":{"line":649,"column":null}},"189":{"start":{"line":653,"column":29},"end":{"line":653,"column":null}},"190":{"start":{"line":654,"column":32},"end":{"line":654,"column":null}},"191":{"start":{"line":655,"column":6},"end":{"line":655,"column":null}},"192":{"start":{"line":655,"column":39},"end":{"line":655,"column":63}},"193":{"start":{"line":655,"column":63},"end":{"line":655,"column":89}},"194":{"start":{"line":656,"column":6},"end":{"line":656,"column":null}},"195":{"start":{"line":656,"column":41},"end":{"line":656,"column":67}},"196":{"start":{"line":656,"column":67},"end":{"line":656,"column":95}},"197":{"start":{"line":657,"column":6},"end":{"line":657,"column":null}},"198":{"start":{"line":657,"column":41},"end":{"line":657,"column":67}},"199":{"start":{"line":657,"column":67},"end":{"line":657,"column":95}},"200":{"start":{"line":658,"column":6},"end":{"line":658,"column":null}},"201":{"start":{"line":658,"column":38},"end":{"line":658,"column":61}},"202":{"start":{"line":658,"column":61},"end":{"line":658,"column":86}},"203":{"start":{"line":659,"column":6},"end":{"line":667,"column":null}},"204":{"start":{"line":660,"column":8},"end":{"line":660,"column":null}},"205":{"start":{"line":661,"column":8},"end":{"line":661,"column":null}},"206":{"start":{"line":662,"column":8},"end":{"line":666,"column":null}},"207":{"start":{"line":663,"column":10},"end":{"line":663,"column":null}},"208":{"start":{"line":665,"column":10},"end":{"line":665,"column":null}},"209":{"start":{"line":668,"column":6},"end":{"line":668,"column":null}},"210":{"start":{"line":668,"column":40},"end":{"line":668,"column":65}},"211":{"start":{"line":668,"column":65},"end":{"line":668,"column":92}},"212":{"start":{"line":669,"column":6},"end":{"line":669,"column":null}},"213":{"start":{"line":669,"column":41},"end":{"line":669,"column":67}},"214":{"start":{"line":669,"column":67},"end":{"line":669,"column":95}},"215":{"start":{"line":670,"column":6},"end":{"line":670,"column":null}},"216":{"start":{"line":670,"column":39},"end":{"line":670,"column":63}},"217":{"start":{"line":670,"column":63},"end":{"line":670,"column":89}},"218":{"start":{"line":671,"column":6},"end":{"line":671,"column":null}},"219":{"start":{"line":671,"column":42},"end":{"line":671,"column":69}},"220":{"start":{"line":671,"column":69},"end":{"line":671,"column":98}},"221":{"start":{"line":672,"column":6},"end":{"line":672,"column":null}},"222":{"start":{"line":674,"column":18},"end":{"line":674,"column":null}},"223":{"start":{"line":675,"column":6},"end":{"line":675,"column":null}},"224":{"start":{"line":676,"column":6},"end":{"line":676,"column":null}},"225":{"start":{"line":677,"column":18},"end":{"line":677,"column":null}},"226":{"start":{"line":678,"column":6},"end":{"line":678,"column":null}},"227":{"start":{"line":682,"column":23},"end":{"line":682,"column":null}},"228":{"start":{"line":683,"column":6},"end":{"line":683,"column":null}},"229":{"start":{"line":687,"column":18},"end":{"line":687,"column":null}},"230":{"start":{"line":688,"column":6},"end":{"line":688,"column":null}},"231":{"start":{"line":692,"column":18},"end":{"line":694,"column":null}},"232":{"start":{"line":695,"column":6},"end":{"line":695,"column":null}},"233":{"start":{"line":699,"column":12},"end":{"line":699,"column":null}},"234":{"start":{"line":700,"column":23},"end":{"line":702,"column":null}},"235":{"start":{"line":703,"column":26},"end":{"line":707,"column":null}},"236":{"start":{"line":708,"column":6},"end":{"line":708,"column":null}},"237":{"start":{"line":712,"column":26},"end":{"line":717,"column":null}},"238":{"start":{"line":718,"column":6},"end":{"line":718,"column":null}},"239":{"start":{"line":722,"column":18},"end":{"line":728,"column":null}},"240":{"start":{"line":729,"column":6},"end":{"line":733,"column":null}},"241":{"start":{"line":737,"column":26},"end":{"line":744,"column":null}},"242":{"start":{"line":745,"column":6},"end":{"line":745,"column":null}},"243":{"start":{"line":751,"column":18},"end":{"line":753,"column":null}},"244":{"start":{"line":754,"column":6},"end":{"line":754,"column":null}},"245":{"start":{"line":754,"column":16},"end":{"line":754,"column":null}},"246":{"start":{"line":755,"column":6},"end":{"line":755,"column":null}},"247":{"start":{"line":759,"column":23},"end":{"line":761,"column":null}},"248":{"start":{"line":762,"column":6},"end":{"line":762,"column":null}},"249":{"start":{"line":762,"column":21},"end":{"line":762,"column":null}},"250":{"start":{"line":763,"column":21},"end":{"line":763,"column":null}},"251":{"start":{"line":764,"column":6},"end":{"line":766,"column":null}},"252":{"start":{"line":770,"column":6},"end":{"line":772,"column":null}},"253":{"start":{"line":786,"column":6},"end":{"line":789,"column":null}},"254":{"start":{"line":793,"column":24},"end":{"line":793,"column":null}},"255":{"start":{"line":794,"column":18},"end":{"line":804,"column":null}},"256":{"start":{"line":805,"column":6},"end":{"line":812,"column":null}},"257":{"start":{"line":816,"column":23},"end":{"line":818,"column":null}},"258":{"start":{"line":819,"column":26},"end":{"line":821,"column":null}},"259":{"start":{"line":822,"column":6},"end":{"line":822,"column":null}},"260":{"start":{"line":827,"column":24},"end":{"line":827,"column":null}},"261":{"start":{"line":828,"column":6},"end":{"line":831,"column":null}},"262":{"start":{"line":832,"column":18},"end":{"line":832,"column":null}},"263":{"start":{"line":833,"column":6},"end":{"line":833,"column":null}},"264":{"start":{"line":837,"column":18},"end":{"line":837,"column":null}},"265":{"start":{"line":838,"column":6},"end":{"line":838,"column":null}},"266":{"start":{"line":842,"column":6},"end":{"line":849,"column":null}},"267":{"start":{"line":843,"column":28},"end":{"line":847,"column":null}},"268":{"start":{"line":848,"column":8},"end":{"line":848,"column":null}},"269":{"start":{"line":850,"column":26},"end":{"line":854,"column":null}},"270":{"start":{"line":855,"column":6},"end":{"line":855,"column":null}},"271":{"start":{"line":859,"column":29},"end":{"line":859,"column":null}},"272":{"start":{"line":860,"column":32},"end":{"line":860,"column":null}},"273":{"start":{"line":861,"column":6},"end":{"line":861,"column":null}},"274":{"start":{"line":861,"column":39},"end":{"line":861,"column":63}},"275":{"start":{"line":861,"column":63},"end":{"line":861,"column":89}},"276":{"start":{"line":862,"column":6},"end":{"line":862,"column":null}},"277":{"start":{"line":862,"column":45},"end":{"line":862,"column":75}},"278":{"start":{"line":862,"column":75},"end":{"line":862,"column":107}},"279":{"start":{"line":863,"column":6},"end":{"line":863,"column":null}},"280":{"start":{"line":863,"column":40},"end":{"line":863,"column":67}},"281":{"start":{"line":863,"column":67},"end":{"line":863,"column":94}},"282":{"start":{"line":864,"column":6},"end":{"line":864,"column":null}},"283":{"start":{"line":864,"column":42},"end":{"line":864,"column":69}},"284":{"start":{"line":864,"column":69},"end":{"line":864,"column":98}},"285":{"start":{"line":865,"column":6},"end":{"line":865,"column":null}},"286":{"start":{"line":865,"column":40},"end":{"line":865,"column":65}},"287":{"start":{"line":865,"column":65},"end":{"line":865,"column":100}},"288":{"start":{"line":866,"column":6},"end":{"line":866,"column":null}},"289":{"start":{"line":868,"column":18},"end":{"line":868,"column":null}},"290":{"start":{"line":869,"column":6},"end":{"line":869,"column":null}},"291":{"start":{"line":870,"column":6},"end":{"line":870,"column":null}},"292":{"start":{"line":871,"column":18},"end":{"line":871,"column":null}},"293":{"start":{"line":872,"column":6},"end":{"line":872,"column":null}},"294":{"start":{"line":876,"column":23},"end":{"line":876,"column":null}},"295":{"start":{"line":877,"column":6},"end":{"line":877,"column":null}},"296":{"start":{"line":881,"column":20},"end":{"line":885,"column":null}},"297":{"start":{"line":882,"column":8},"end":{"line":884,"column":null}},"298":{"start":{"line":886,"column":6},"end":{"line":888,"column":null}},"299":{"start":{"line":887,"column":8},"end":{"line":887,"column":null}},"300":{"start":{"line":892,"column":18},"end":{"line":896,"column":null}},"301":{"start":{"line":897,"column":6},"end":{"line":897,"column":null}},"302":{"start":{"line":902,"column":6},"end":{"line":906,"column":null}},"303":{"start":{"line":907,"column":21},"end":{"line":912,"column":null}},"304":{"start":{"line":913,"column":25},"end":{"line":913,"column":null}},"305":{"start":{"line":914,"column":6},"end":{"line":916,"column":null}},"306":{"start":{"line":920,"column":23},"end":{"line":922,"column":null}},"307":{"start":{"line":923,"column":6},"end":{"line":934,"column":null}},"308":{"start":{"line":924,"column":23},"end":{"line":929,"column":null}},"309":{"start":{"line":930,"column":27},"end":{"line":930,"column":null}},"310":{"start":{"line":931,"column":8},"end":{"line":933,"column":null}},"311":{"start":{"line":935,"column":6},"end":{"line":935,"column":null}},"312":{"start":{"line":939,"column":18},"end":{"line":941,"column":null}},"313":{"start":{"line":942,"column":6},"end":{"line":942,"column":null}},"314":{"start":{"line":942,"column":16},"end":{"line":942,"column":null}},"315":{"start":{"line":943,"column":6},"end":{"line":943,"column":null}},"316":{"start":{"line":948,"column":6},"end":{"line":966,"column":null}},"317":{"start":{"line":967,"column":18},"end":{"line":967,"column":null}},"318":{"start":{"line":968,"column":6},"end":{"line":968,"column":null}},"319":{"start":{"line":972,"column":18},"end":{"line":972,"column":null}},"320":{"start":{"line":973,"column":6},"end":{"line":973,"column":null}},"321":{"start":{"line":977,"column":23},"end":{"line":977,"column":null}},"322":{"start":{"line":978,"column":6},"end":{"line":978,"column":null}},"323":{"start":{"line":982,"column":6},"end":{"line":984,"column":null}},"324":{"start":{"line":985,"column":18},"end":{"line":985,"column":null}},"325":{"start":{"line":986,"column":6},"end":{"line":986,"column":null}},"326":{"start":{"line":990,"column":26},"end":{"line":992,"column":null}},"327":{"start":{"line":993,"column":6},"end":{"line":993,"column":null}},"328":{"start":{"line":997,"column":23},"end":{"line":997,"column":null}},"329":{"start":{"line":998,"column":6},"end":{"line":998,"column":null}},"330":{"start":{"line":1002,"column":18},"end":{"line":1004,"column":null}},"331":{"start":{"line":1005,"column":6},"end":{"line":1005,"column":null}},"332":{"start":{"line":1009,"column":6},"end":{"line":1011,"column":null}},"333":{"start":{"line":1012,"column":18},"end":{"line":1012,"column":null}},"334":{"start":{"line":1013,"column":6},"end":{"line":1013,"column":null}},"335":{"start":{"line":1017,"column":29},"end":{"line":1017,"column":null}},"336":{"start":{"line":1018,"column":32},"end":{"line":1018,"column":null}},"337":{"start":{"line":1019,"column":6},"end":{"line":1019,"column":null}},"338":{"start":{"line":1019,"column":40},"end":{"line":1019,"column":65}},"339":{"start":{"line":1019,"column":65},"end":{"line":1019,"column":92}},"340":{"start":{"line":1020,"column":6},"end":{"line":1020,"column":null}},"341":{"start":{"line":1020,"column":51},"end":{"line":1020,"column":87}},"342":{"start":{"line":1020,"column":87},"end":{"line":1020,"column":125}},"343":{"start":{"line":1021,"column":6},"end":{"line":1021,"column":null}},"344":{"start":{"line":1021,"column":52},"end":{"line":1021,"column":89}},"345":{"start":{"line":1021,"column":89},"end":{"line":1021,"column":128}},"346":{"start":{"line":1022,"column":6},"end":{"line":1022,"column":null}},"347":{"start":{"line":1022,"column":41},"end":{"line":1022,"column":67}},"348":{"start":{"line":1022,"column":67},"end":{"line":1022,"column":95}},"349":{"start":{"line":1023,"column":6},"end":{"line":1023,"column":null}},"350":{"start":{"line":1023,"column":46},"end":{"line":1023,"column":77}},"351":{"start":{"line":1023,"column":77},"end":{"line":1023,"column":110}},"352":{"start":{"line":1024,"column":6},"end":{"line":1024,"column":null}},"353":{"start":{"line":1024,"column":29},"end":{"line":1024,"column":null}},"354":{"start":{"line":1025,"column":18},"end":{"line":1025,"column":null}},"355":{"start":{"line":1026,"column":6},"end":{"line":1026,"column":null}},"356":{"start":{"line":1027,"column":6},"end":{"line":1027,"column":null}},"357":{"start":{"line":1028,"column":18},"end":{"line":1028,"column":null}},"358":{"start":{"line":1029,"column":6},"end":{"line":1029,"column":null}},"359":{"start":{"line":1033,"column":26},"end":{"line":1035,"column":null}},"360":{"start":{"line":1036,"column":6},"end":{"line":1036,"column":null}},"361":{"start":{"line":1040,"column":18},"end":{"line":1040,"column":null}},"362":{"start":{"line":1041,"column":6},"end":{"line":1041,"column":null}},"363":{"start":{"line":1045,"column":6},"end":{"line":1054,"column":null}},"364":{"start":{"line":1058,"column":26},"end":{"line":1060,"column":null}},"365":{"start":{"line":1061,"column":6},"end":{"line":1061,"column":null}},"366":{"start":{"line":1066,"column":18},"end":{"line":1068,"column":null}},"367":{"start":{"line":1069,"column":6},"end":{"line":1069,"column":null}},"368":{"start":{"line":1079,"column":17},"end":{"line":1079,"column":null}},"369":{"start":{"line":1080,"column":6},"end":{"line":1088,"column":null}},"370":{"start":{"line":1089,"column":18},"end":{"line":1091,"column":null}},"371":{"start":{"line":1092,"column":6},"end":{"line":1092,"column":null}},"372":{"start":{"line":1096,"column":26},"end":{"line":1098,"column":null}},"373":{"start":{"line":1099,"column":6},"end":{"line":1099,"column":null}},"374":{"start":{"line":1104,"column":6},"end":{"line":1120,"column":null}},"375":{"start":{"line":1124,"column":22},"end":{"line":1126,"column":null}},"376":{"start":{"line":1127,"column":6},"end":{"line":1127,"column":null}},"377":{"start":{"line":1131,"column":26},"end":{"line":1131,"column":null}},"378":{"start":{"line":1131,"column":58},"end":{"line":1131,"column":69}},"379":{"start":{"line":1132,"column":6},"end":{"line":1132,"column":null}},"380":{"start":{"line":1132,"column":36},"end":{"line":1132,"column":null}},"381":{"start":{"line":1133,"column":27},"end":{"line":1133,"column":null}},"382":{"start":{"line":1133,"column":49},"end":{"line":1133,"column":52}},"383":{"start":{"line":1134,"column":21},"end":{"line":1136,"column":null}},"384":{"start":{"line":1137,"column":6},"end":{"line":1137,"column":null}},"385":{"start":{"line":1141,"column":26},"end":{"line":1141,"column":null}},"386":{"start":{"line":1141,"column":58},"end":{"line":1141,"column":69}},"387":{"start":{"line":1142,"column":6},"end":{"line":1147,"column":null}},"388":{"start":{"line":1143,"column":23},"end":{"line":1145,"column":null}},"389":{"start":{"line":1146,"column":8},"end":{"line":1146,"column":null}},"390":{"start":{"line":1149,"column":27},"end":{"line":1149,"column":null}},"391":{"start":{"line":1149,"column":49},"end":{"line":1149,"column":52}},"392":{"start":{"line":1150,"column":21},"end":{"line":1152,"column":null}},"393":{"start":{"line":1153,"column":6},"end":{"line":1153,"column":null}},"394":{"start":{"line":1158,"column":17},"end":{"line":1158,"column":null}},"395":{"start":{"line":1159,"column":23},"end":{"line":1159,"column":null}},"396":{"start":{"line":1160,"column":23},"end":{"line":1160,"column":null}},"397":{"start":{"line":1161,"column":19},"end":{"line":1161,"column":null}},"398":{"start":{"line":1162,"column":27},"end":{"line":1162,"column":null}},"399":{"start":{"line":1163,"column":6},"end":{"line":1187,"column":null}},"400":{"start":{"line":1188,"column":18},"end":{"line":1188,"column":null}},"401":{"start":{"line":1189,"column":6},"end":{"line":1189,"column":null}},"402":{"start":{"line":1193,"column":25},"end":{"line":1193,"column":null}},"403":{"start":{"line":1194,"column":32},"end":{"line":1194,"column":null}},"404":{"start":{"line":1195,"column":6},"end":{"line":1198,"column":null}},"405":{"start":{"line":1196,"column":8},"end":{"line":1196,"column":null}},"406":{"start":{"line":1197,"column":8},"end":{"line":1197,"column":null}},"407":{"start":{"line":1199,"column":6},"end":{"line":1202,"column":null}},"408":{"start":{"line":1200,"column":8},"end":{"line":1200,"column":null}},"409":{"start":{"line":1201,"column":8},"end":{"line":1201,"column":null}},"410":{"start":{"line":1204,"column":26},"end":{"line":1206,"column":null}},"411":{"start":{"line":1207,"column":6},"end":{"line":1207,"column":null}},"412":{"start":{"line":1207,"column":42},"end":{"line":1207,"column":99}},"413":{"start":{"line":1211,"column":18},"end":{"line":1213,"column":null}},"414":{"start":{"line":1214,"column":6},"end":{"line":1214,"column":null}},"415":{"start":{"line":1218,"column":29},"end":{"line":1218,"column":null}},"416":{"start":{"line":1219,"column":32},"end":{"line":1219,"column":null}},"417":{"start":{"line":1220,"column":6},"end":{"line":1220,"column":null}},"418":{"start":{"line":1220,"column":39},"end":{"line":1220,"column":63}},"419":{"start":{"line":1220,"column":63},"end":{"line":1220,"column":89}},"420":{"start":{"line":1221,"column":6},"end":{"line":1221,"column":null}},"421":{"start":{"line":1221,"column":45},"end":{"line":1221,"column":75}},"422":{"start":{"line":1221,"column":75},"end":{"line":1221,"column":107}},"423":{"start":{"line":1222,"column":6},"end":{"line":1222,"column":null}},"424":{"start":{"line":1222,"column":40},"end":{"line":1222,"column":65}},"425":{"start":{"line":1222,"column":65},"end":{"line":1222,"column":92}},"426":{"start":{"line":1223,"column":6},"end":{"line":1223,"column":null}},"427":{"start":{"line":1223,"column":42},"end":{"line":1223,"column":69}},"428":{"start":{"line":1223,"column":69},"end":{"line":1223,"column":98}},"429":{"start":{"line":1224,"column":6},"end":{"line":1224,"column":null}},"430":{"start":{"line":1224,"column":46},"end":{"line":1224,"column":77}},"431":{"start":{"line":1224,"column":77},"end":{"line":1224,"column":110}},"432":{"start":{"line":1225,"column":6},"end":{"line":1225,"column":null}},"433":{"start":{"line":1225,"column":43},"end":{"line":1225,"column":71}},"434":{"start":{"line":1225,"column":71},"end":{"line":1225,"column":101}},"435":{"start":{"line":1226,"column":6},"end":{"line":1226,"column":null}},"436":{"start":{"line":1226,"column":38},"end":{"line":1226,"column":61}},"437":{"start":{"line":1226,"column":61},"end":{"line":1226,"column":86}},"438":{"start":{"line":1227,"column":6},"end":{"line":1227,"column":null}},"439":{"start":{"line":1227,"column":45},"end":{"line":1227,"column":75}},"440":{"start":{"line":1227,"column":75},"end":{"line":1227,"column":107}},"441":{"start":{"line":1228,"column":6},"end":{"line":1228,"column":null}},"442":{"start":{"line":1228,"column":40},"end":{"line":1228,"column":65}},"443":{"start":{"line":1228,"column":65},"end":{"line":1228,"column":92}},"444":{"start":{"line":1229,"column":6},"end":{"line":1229,"column":null}},"445":{"start":{"line":1229,"column":43},"end":{"line":1229,"column":71}},"446":{"start":{"line":1229,"column":71},"end":{"line":1229,"column":101}},"447":{"start":{"line":1230,"column":6},"end":{"line":1230,"column":null}},"448":{"start":{"line":1230,"column":44},"end":{"line":1230,"column":73}},"449":{"start":{"line":1230,"column":73},"end":{"line":1230,"column":104}},"450":{"start":{"line":1231,"column":6},"end":{"line":1231,"column":null}},"451":{"start":{"line":1231,"column":48},"end":{"line":1231,"column":81}},"452":{"start":{"line":1231,"column":81},"end":{"line":1231,"column":116}},"453":{"start":{"line":1232,"column":6},"end":{"line":1232,"column":null}},"454":{"start":{"line":1232,"column":51},"end":{"line":1232,"column":87}},"455":{"start":{"line":1232,"column":87},"end":{"line":1232,"column":125}},"456":{"start":{"line":1233,"column":6},"end":{"line":1233,"column":null}},"457":{"start":{"line":1233,"column":49},"end":{"line":1233,"column":83}},"458":{"start":{"line":1233,"column":83},"end":{"line":1233,"column":127}},"459":{"start":{"line":1234,"column":6},"end":{"line":1237,"column":null}},"460":{"start":{"line":1235,"column":8},"end":{"line":1235,"column":null}},"461":{"start":{"line":1236,"column":8},"end":{"line":1236,"column":null}},"462":{"start":{"line":1238,"column":6},"end":{"line":1238,"column":null}},"463":{"start":{"line":1238,"column":29},"end":{"line":1238,"column":null}},"464":{"start":{"line":1239,"column":6},"end":{"line":1239,"column":null}},"465":{"start":{"line":1240,"column":18},"end":{"line":1240,"column":null}},"466":{"start":{"line":1241,"column":6},"end":{"line":1241,"column":null}},"467":{"start":{"line":1242,"column":6},"end":{"line":1242,"column":null}},"468":{"start":{"line":1243,"column":18},"end":{"line":1243,"column":null}},"469":{"start":{"line":1244,"column":6},"end":{"line":1244,"column":null}},"470":{"start":{"line":1248,"column":23},"end":{"line":1250,"column":null}},"471":{"start":{"line":1251,"column":6},"end":{"line":1251,"column":null}},"472":{"start":{"line":1260,"column":25},"end":{"line":1260,"column":null}},"473":{"start":{"line":1261,"column":23},"end":{"line":1261,"column":null}},"474":{"start":{"line":1262,"column":26},"end":{"line":1276,"column":null}},"475":{"start":{"line":1277,"column":25},"end":{"line":1277,"column":null}},"476":{"start":{"line":1278,"column":6},"end":{"line":1278,"column":null}},"477":{"start":{"line":1278,"column":22},"end":{"line":1278,"column":null}},"478":{"start":{"line":1279,"column":18},"end":{"line":1279,"column":null}},"479":{"start":{"line":1280,"column":6},"end":{"line":1280,"column":null}},"480":{"start":{"line":1285,"column":23},"end":{"line":1288,"column":null}},"481":{"start":{"line":1289,"column":6},"end":{"line":1289,"column":null}},"482":{"start":{"line":1294,"column":26},"end":{"line":1294,"column":null}},"483":{"start":{"line":1295,"column":26},"end":{"line":1302,"column":null}},"484":{"start":{"line":1303,"column":18},"end":{"line":1303,"column":null}},"485":{"start":{"line":1304,"column":6},"end":{"line":1304,"column":null}},"486":{"start":{"line":1304,"column":16},"end":{"line":1304,"column":null}},"487":{"start":{"line":1305,"column":19},"end":{"line":1305,"column":null}},"488":{"start":{"line":1306,"column":6},"end":{"line":1306,"column":null}},"489":{"start":{"line":1311,"column":23},"end":{"line":1311,"column":null}},"490":{"start":{"line":1312,"column":23},"end":{"line":1315,"column":null}},"491":{"start":{"line":1316,"column":6},"end":{"line":1316,"column":null}},"492":{"start":{"line":1320,"column":26},"end":{"line":1322,"column":null}},"493":{"start":{"line":1323,"column":6},"end":{"line":1323,"column":null}},"494":{"start":{"line":1323,"column":42},"end":{"line":1323,"column":113}},"495":{"start":{"line":1327,"column":19},"end":{"line":1329,"column":null}},"496":{"start":{"line":1330,"column":6},"end":{"line":1330,"column":null}},"497":{"start":{"line":1330,"column":17},"end":{"line":1330,"column":null}},"498":{"start":{"line":1332,"column":17},"end":{"line":1332,"column":null}},"499":{"start":{"line":1333,"column":25},"end":{"line":1333,"column":null}},"500":{"start":{"line":1334,"column":30},"end":{"line":1334,"column":null}},"501":{"start":{"line":1335,"column":24},"end":{"line":1335,"column":null}},"502":{"start":{"line":1336,"column":6},"end":{"line":1339,"column":null}},"503":{"start":{"line":1340,"column":6},"end":{"line":1344,"column":null}},"504":{"start":{"line":1341,"column":8},"end":{"line":1343,"column":null}},"505":{"start":{"line":1345,"column":6},"end":{"line":1349,"column":null}},"506":{"start":{"line":1346,"column":8},"end":{"line":1348,"column":null}},"507":{"start":{"line":1350,"column":6},"end":{"line":1361,"column":null}},"508":{"start":{"line":1351,"column":32},"end":{"line":1351,"column":null}},"509":{"start":{"line":1352,"column":8},"end":{"line":1360,"column":null}},"510":{"start":{"line":1362,"column":18},"end":{"line":1362,"column":null}},"511":{"start":{"line":1363,"column":6},"end":{"line":1363,"column":null}},"512":{"start":{"line":1375,"column":19},"end":{"line":1375,"column":null}},"513":{"start":{"line":1376,"column":24},"end":{"line":1376,"column":null}},"514":{"start":{"line":1377,"column":6},"end":{"line":1383,"column":null}},"515":{"start":{"line":1378,"column":21},"end":{"line":1380,"column":null}},"516":{"start":{"line":1381,"column":8},"end":{"line":1381,"column":null}},"517":{"start":{"line":1381,"column":19},"end":{"line":1381,"column":null}},"518":{"start":{"line":1382,"column":8},"end":{"line":1382,"column":null}},"519":{"start":{"line":1384,"column":17},"end":{"line":1384,"column":null}},"520":{"start":{"line":1385,"column":6},"end":{"line":1400,"column":null}},"521":{"start":{"line":1401,"column":18},"end":{"line":1401,"column":null}},"522":{"start":{"line":1402,"column":6},"end":{"line":1402,"column":null}},"523":{"start":{"line":1406,"column":20},"end":{"line":1406,"column":null}},"524":{"start":{"line":1407,"column":25},"end":{"line":1407,"column":null}},"525":{"start":{"line":1408,"column":32},"end":{"line":1408,"column":null}},"526":{"start":{"line":1409,"column":6},"end":{"line":1412,"column":null}},"527":{"start":{"line":1410,"column":8},"end":{"line":1410,"column":null}},"528":{"start":{"line":1411,"column":8},"end":{"line":1411,"column":null}},"529":{"start":{"line":1413,"column":6},"end":{"line":1416,"column":null}},"530":{"start":{"line":1414,"column":8},"end":{"line":1414,"column":null}},"531":{"start":{"line":1415,"column":8},"end":{"line":1415,"column":null}},"532":{"start":{"line":1417,"column":6},"end":{"line":1420,"column":null}},"533":{"start":{"line":1418,"column":8},"end":{"line":1418,"column":null}},"534":{"start":{"line":1419,"column":8},"end":{"line":1419,"column":null}},"535":{"start":{"line":1421,"column":6},"end":{"line":1421,"column":null}},"536":{"start":{"line":1422,"column":26},"end":{"line":1424,"column":null}},"537":{"start":{"line":1425,"column":6},"end":{"line":1425,"column":null}},"538":{"start":{"line":1429,"column":18},"end":{"line":1431,"column":null}},"539":{"start":{"line":1432,"column":6},"end":{"line":1432,"column":null}},"540":{"start":{"line":1445,"column":29},"end":{"line":1445,"column":null}},"541":{"start":{"line":1446,"column":32},"end":{"line":1446,"column":null}},"542":{"start":{"line":1447,"column":6},"end":{"line":1457,"column":null}},"543":{"start":{"line":1448,"column":8},"end":{"line":1454,"column":null}},"544":{"start":{"line":1449,"column":23},"end":{"line":1451,"column":null}},"545":{"start":{"line":1452,"column":10},"end":{"line":1452,"column":null}},"546":{"start":{"line":1452,"column":21},"end":{"line":1452,"column":null}},"547":{"start":{"line":1453,"column":10},"end":{"line":1453,"column":null}},"548":{"start":{"line":1453,"column":48},"end":{"line":1453,"column":null}},"549":{"start":{"line":1455,"column":8},"end":{"line":1455,"column":null}},"550":{"start":{"line":1456,"column":8},"end":{"line":1456,"column":null}},"551":{"start":{"line":1458,"column":6},"end":{"line":1458,"column":null}},"552":{"start":{"line":1458,"column":46},"end":{"line":1458,"column":77}},"553":{"start":{"line":1458,"column":77},"end":{"line":1458,"column":110}},"554":{"start":{"line":1459,"column":6},"end":{"line":1459,"column":null}},"555":{"start":{"line":1459,"column":38},"end":{"line":1459,"column":61}},"556":{"start":{"line":1459,"column":61},"end":{"line":1459,"column":86}},"557":{"start":{"line":1460,"column":6},"end":{"line":1460,"column":null}},"558":{"start":{"line":1460,"column":45},"end":{"line":1460,"column":75}},"559":{"start":{"line":1460,"column":75},"end":{"line":1460,"column":107}},"560":{"start":{"line":1461,"column":6},"end":{"line":1461,"column":null}},"561":{"start":{"line":1461,"column":50},"end":{"line":1461,"column":85}},"562":{"start":{"line":1461,"column":85},"end":{"line":1461,"column":122}},"563":{"start":{"line":1462,"column":6},"end":{"line":1462,"column":null}},"564":{"start":{"line":1462,"column":49},"end":{"line":1462,"column":83}},"565":{"start":{"line":1462,"column":83},"end":{"line":1462,"column":119}},"566":{"start":{"line":1463,"column":6},"end":{"line":1463,"column":null}},"567":{"start":{"line":1463,"column":40},"end":{"line":1463,"column":65}},"568":{"start":{"line":1463,"column":65},"end":{"line":1463,"column":92}},"569":{"start":{"line":1464,"column":6},"end":{"line":1464,"column":null}},"570":{"start":{"line":1464,"column":45},"end":{"line":1464,"column":75}},"571":{"start":{"line":1464,"column":75},"end":{"line":1464,"column":107}},"572":{"start":{"line":1465,"column":6},"end":{"line":1468,"column":null}},"573":{"start":{"line":1466,"column":20},"end":{"line":1466,"column":null}},"574":{"start":{"line":1467,"column":8},"end":{"line":1467,"column":null}},"575":{"start":{"line":1469,"column":6},"end":{"line":1469,"column":null}},"576":{"start":{"line":1470,"column":6},"end":{"line":1470,"column":null}},"577":{"start":{"line":1471,"column":6},"end":{"line":1471,"column":null}},"578":{"start":{"line":1472,"column":18},"end":{"line":1472,"column":null}},"579":{"start":{"line":1473,"column":6},"end":{"line":1473,"column":null}},"580":{"start":{"line":1481,"column":23},"end":{"line":1483,"column":null}},"581":{"start":{"line":1484,"column":6},"end":{"line":1484,"column":null}},"582":{"start":{"line":1484,"column":21},"end":{"line":1484,"column":null}},"583":{"start":{"line":1485,"column":17},"end":{"line":1485,"column":null}},"584":{"start":{"line":1486,"column":25},"end":{"line":1486,"column":null}},"585":{"start":{"line":1487,"column":6},"end":{"line":1502,"column":null}},"586":{"start":{"line":1503,"column":18},"end":{"line":1503,"column":null}},"587":{"start":{"line":1504,"column":6},"end":{"line":1504,"column":null}},"588":{"start":{"line":1508,"column":26},"end":{"line":1510,"column":null}},"589":{"start":{"line":1511,"column":6},"end":{"line":1511,"column":null}},"590":{"start":{"line":1515,"column":18},"end":{"line":1517,"column":null}},"591":{"start":{"line":1518,"column":6},"end":{"line":1518,"column":null}},"592":{"start":{"line":1529,"column":17},"end":{"line":1529,"column":null}},"593":{"start":{"line":1530,"column":23},"end":{"line":1530,"column":null}},"594":{"start":{"line":1531,"column":6},"end":{"line":1543,"column":null}},"595":{"start":{"line":1544,"column":18},"end":{"line":1546,"column":null}},"596":{"start":{"line":1547,"column":6},"end":{"line":1547,"column":null}},"597":{"start":{"line":1551,"column":20},"end":{"line":1551,"column":null}},"598":{"start":{"line":1552,"column":25},"end":{"line":1552,"column":null}},"599":{"start":{"line":1553,"column":32},"end":{"line":1553,"column":null}},"600":{"start":{"line":1554,"column":6},"end":{"line":1557,"column":null}},"601":{"start":{"line":1555,"column":8},"end":{"line":1555,"column":null}},"602":{"start":{"line":1556,"column":8},"end":{"line":1556,"column":null}},"603":{"start":{"line":1558,"column":6},"end":{"line":1558,"column":null}},"604":{"start":{"line":1559,"column":26},"end":{"line":1561,"column":null}},"605":{"start":{"line":1562,"column":6},"end":{"line":1562,"column":null}},"606":{"start":{"line":1582,"column":17},"end":{"line":1582,"column":null}},"607":{"start":{"line":1583,"column":23},"end":{"line":1583,"column":null}},"608":{"start":{"line":1584,"column":6},"end":{"line":1609,"column":null}},"609":{"start":{"line":1610,"column":18},"end":{"line":1612,"column":null}},"610":{"start":{"line":1613,"column":6},"end":{"line":1613,"column":null}},"611":{"start":{"line":1617,"column":20},"end":{"line":1617,"column":null}},"612":{"start":{"line":1618,"column":25},"end":{"line":1618,"column":null}},"613":{"start":{"line":1619,"column":32},"end":{"line":1619,"column":null}},"614":{"start":{"line":1620,"column":6},"end":{"line":1623,"column":null}},"615":{"start":{"line":1621,"column":8},"end":{"line":1621,"column":null}},"616":{"start":{"line":1622,"column":8},"end":{"line":1622,"column":null}},"617":{"start":{"line":1624,"column":6},"end":{"line":1624,"column":null}},"618":{"start":{"line":1625,"column":26},"end":{"line":1627,"column":null}},"619":{"start":{"line":1628,"column":6},"end":{"line":1628,"column":null}},"620":{"start":{"line":1633,"column":18},"end":{"line":1635,"column":null}},"621":{"start":{"line":1636,"column":6},"end":{"line":1636,"column":null}},"622":{"start":{"line":1640,"column":6},"end":{"line":1646,"column":null}},"623":{"start":{"line":1647,"column":18},"end":{"line":1649,"column":null}},"624":{"start":{"line":1650,"column":6},"end":{"line":1650,"column":null}}},"fnMap":{"0":{"name":"parseTaskDependencies","decl":{"start":{"line":101,"column":9},"end":{"line":101,"column":31}},"loc":{"start":{"line":101,"column":55},"end":{"line":110,"column":null}},"line":101},"1":{"name":"(anonymous_1)","decl":{"start":{"line":102,"column":44},"end":{"line":102,"column":45}},"loc":{"start":{"line":102,"column":66},"end":{"line":102,"column":88}},"line":102},"2":{"name":"(anonymous_2)","decl":{"start":{"line":106,"column":49},"end":{"line":106,"column":50}},"loc":{"start":{"line":106,"column":71},"end":{"line":106,"column":93}},"line":106},"3":{"name":"hydrateTaskRow","decl":{"start":{"line":112,"column":9},"end":{"line":112,"column":24}},"loc":{"start":{"line":112,"column":89},"end":{"line":121,"column":null}},"line":112},"4":{"name":"hydrateTaskCommentRow","decl":{"start":{"line":123,"column":9},"end":{"line":123,"column":31}},"loc":{"start":{"line":123,"column":103},"end":{"line":130,"column":null}},"line":123},"5":{"name":"sanitizeDependencyIds","decl":{"start":{"line":132,"column":9},"end":{"line":132,"column":31}},"loc":{"start":{"line":132,"column":57},"end":{"line":139,"column":null}},"line":132},"6":{"name":"parseViewerVote","decl":{"start":{"line":196,"column":9},"end":{"line":196,"column":25}},"loc":{"start":{"line":196,"column":55},"end":{"line":200,"column":null}},"line":196},"7":{"name":"mapRow","decl":{"start":{"line":207,"column":9},"end":{"line":207,"column":19}},"loc":{"start":{"line":207,"column":78},"end":{"line":210,"column":null}},"line":207},"8":{"name":"mapRows","decl":{"start":{"line":212,"column":9},"end":{"line":212,"column":20}},"loc":{"start":{"line":212,"column":61},"end":{"line":214,"column":null}},"line":212},"9":{"name":"toFeedbackRecord","decl":{"start":{"line":216,"column":9},"end":{"line":216,"column":26}},"loc":{"start":{"line":216,"column":72},"end":{"line":221,"column":null}},"line":216},"10":{"name":"getDb","decl":{"start":{"line":223,"column":16},"end":{"line":223,"column":22}},"loc":{"start":{"line":223,"column":56},"end":{"line":1653,"column":null}},"line":223},"11":{"name":"(anonymous_11)","decl":{"start":{"line":227,"column":10},"end":{"line":227,"column":21}},"loc":{"start":{"line":227,"column":28},"end":{"line":239,"column":null}},"line":227},"12":{"name":"(anonymous_12)","decl":{"start":{"line":241,"column":10},"end":{"line":241,"column":22}},"loc":{"start":{"line":241,"column":26},"end":{"line":244,"column":null}},"line":241},"13":{"name":"(anonymous_13)","decl":{"start":{"line":247,"column":10},"end":{"line":247,"column":24}},"loc":{"start":{"line":247,"column":31},"end":{"line":252,"column":null}},"line":247},"14":{"name":"(anonymous_14)","decl":{"start":{"line":254,"column":10},"end":{"line":254,"column":32}},"loc":{"start":{"line":254,"column":43},"end":{"line":260,"column":null}},"line":254},"15":{"name":"(anonymous_15)","decl":{"start":{"line":262,"column":10},"end":{"line":262,"column":24}},"loc":{"start":{"line":262,"column":35},"end":{"line":264,"column":null}},"line":262},"16":{"name":"(anonymous_16)","decl":{"start":{"line":267,"column":10},"end":{"line":267,"column":24}},"loc":{"start":{"line":267,"column":31},"end":{"line":276,"column":null}},"line":267},"17":{"name":"(anonymous_17)","decl":{"start":{"line":278,"column":10},"end":{"line":278,"column":27}},"loc":{"start":{"line":278,"column":33},"end":{"line":281,"column":null}},"line":278},"18":{"name":"(anonymous_18)","decl":{"start":{"line":283,"column":10},"end":{"line":283,"column":29}},"loc":{"start":{"line":283,"column":37},"end":{"line":286,"column":null}},"line":283},"19":{"name":"(anonymous_19)","decl":{"start":{"line":288,"column":10},"end":{"line":288,"column":25}},"loc":{"start":{"line":288,"column":29},"end":{"line":291,"column":null}},"line":288},"20":{"name":"(anonymous_20)","decl":{"start":{"line":293,"column":10},"end":{"line":293,"column":30}},"loc":{"start":{"line":293,"column":47},"end":{"line":300,"column":null}},"line":293},"21":{"name":"(anonymous_21)","decl":{"start":{"line":302,"column":10},"end":{"line":302,"column":24}},"loc":{"start":{"line":302,"column":35},"end":{"line":317,"column":null}},"line":302},"22":{"name":"(anonymous_22)","decl":{"start":{"line":319,"column":10},"end":{"line":319,"column":24}},"loc":{"start":{"line":319,"column":28},"end":{"line":322,"column":null}},"line":319},"23":{"name":"(anonymous_23)","decl":{"start":{"line":325,"column":10},"end":{"line":325,"column":25}},"loc":{"start":{"line":325,"column":32},"end":{"line":333,"column":null}},"line":325},"24":{"name":"(anonymous_24)","decl":{"start":{"line":335,"column":10},"end":{"line":335,"column":26}},"loc":{"start":{"line":335,"column":30},"end":{"line":338,"column":null}},"line":335},"25":{"name":"(anonymous_25)","decl":{"start":{"line":340,"column":10},"end":{"line":340,"column":23}},"loc":{"start":{"line":340,"column":49},"end":{"line":395,"column":null}},"line":340},"26":{"name":"(anonymous_26)","decl":{"start":{"line":397,"column":10},"end":{"line":397,"column":31}},"loc":{"start":{"line":397,"column":43},"end":{"line":403,"column":null}},"line":397},"27":{"name":"(anonymous_27)","decl":{"start":{"line":405,"column":10},"end":{"line":405,"column":25}},"loc":{"start":{"line":405,"column":29},"end":{"line":408,"column":null}},"line":405},"28":{"name":"(anonymous_28)","decl":{"start":{"line":411,"column":10},"end":{"line":411,"column":18}},"loc":{"start":{"line":411,"column":25},"end":{"line":450,"column":null}},"line":411},"29":{"name":"(anonymous_29)","decl":{"start":{"line":452,"column":10},"end":{"line":452,"column":21}},"loc":{"start":{"line":452,"column":41},"end":{"line":471,"column":null}},"line":452},"30":{"name":"(anonymous_30)","decl":{"start":{"line":473,"column":10},"end":{"line":473,"column":21}},"loc":{"start":{"line":473,"column":41},"end":{"line":478,"column":null}},"line":473},"31":{"name":"(anonymous_31)","decl":{"start":{"line":480,"column":10},"end":{"line":480,"column":23}},"loc":{"start":{"line":480,"column":43},"end":{"line":485,"column":null}},"line":480},"32":{"name":"(anonymous_32)","decl":{"start":{"line":487,"column":10},"end":{"line":487,"column":22}},"loc":{"start":{"line":487,"column":42},"end":{"line":492,"column":null}},"line":487},"33":{"name":"(anonymous_33)","decl":{"start":{"line":495,"column":10},"end":{"line":495,"column":30}},"loc":{"start":{"line":495,"column":37},"end":{"line":505,"column":null}},"line":495},"34":{"name":"(anonymous_34)","decl":{"start":{"line":507,"column":10},"end":{"line":507,"column":27}},"loc":{"start":{"line":507,"column":38},"end":{"line":512,"column":null}},"line":507},"35":{"name":"(anonymous_35)","decl":{"start":{"line":514,"column":10},"end":{"line":514,"column":30}},"loc":{"start":{"line":514,"column":54},"end":{"line":523,"column":null}},"line":514},"36":{"name":"(anonymous_36)","decl":{"start":{"line":525,"column":10},"end":{"line":525,"column":30}},"loc":{"start":{"line":525,"column":34},"end":{"line":528,"column":null}},"line":525},"37":{"name":"(anonymous_37)","decl":{"start":{"line":531,"column":10},"end":{"line":531,"column":28}},"loc":{"start":{"line":542,"column":7},"end":{"line":549,"column":null}},"line":542},"38":{"name":"(anonymous_38)","decl":{"start":{"line":551,"column":10},"end":{"line":551,"column":35}},"loc":{"start":{"line":551,"column":104},"end":{"line":560,"column":null}},"line":551},"39":{"name":"(anonymous_39)","decl":{"start":{"line":562,"column":10},"end":{"line":562,"column":30}},"loc":{"start":{"line":562,"column":78},"end":{"line":573,"column":null}},"line":562},"40":{"name":"(anonymous_40)","decl":{"start":{"line":575,"column":10},"end":{"line":575,"column":30}},"loc":{"start":{"line":575,"column":49},"end":{"line":590,"column":null}},"line":575},"41":{"name":"(anonymous_41)","decl":{"start":{"line":592,"column":10},"end":{"line":592,"column":34}},"loc":{"start":{"line":592,"column":62},"end":{"line":598,"column":null}},"line":592},"42":{"name":"(anonymous_42)","decl":{"start":{"line":600,"column":10},"end":{"line":600,"column":28}},"loc":{"start":{"line":600,"column":40},"end":{"line":603,"column":null}},"line":600},"43":{"name":"(anonymous_43)","decl":{"start":{"line":605,"column":10},"end":{"line":605,"column":29}},"loc":{"start":{"line":605,"column":41},"end":{"line":608,"column":null}},"line":605},"44":{"name":"(anonymous_44)","decl":{"start":{"line":611,"column":10},"end":{"line":611,"column":28}},"loc":{"start":{"line":611,"column":42},"end":{"line":615,"column":null}},"line":611},"45":{"name":"(anonymous_45)","decl":{"start":{"line":617,"column":10},"end":{"line":617,"column":25}},"loc":{"start":{"line":617,"column":39},"end":{"line":620,"column":null}},"line":617},"46":{"name":"(anonymous_46)","decl":{"start":{"line":622,"column":10},"end":{"line":622,"column":29}},"loc":{"start":{"line":622,"column":74},"end":{"line":626,"column":null}},"line":622},"47":{"name":"(anonymous_47)","decl":{"start":{"line":628,"column":10},"end":{"line":628,"column":28}},"loc":{"start":{"line":628,"column":42},"end":{"line":630,"column":null}},"line":628},"48":{"name":"(anonymous_48)","decl":{"start":{"line":632,"column":10},"end":{"line":632,"column":25}},"loc":{"start":{"line":632,"column":56},"end":{"line":634,"column":null}},"line":632},"49":{"name":"(anonymous_49)","decl":{"start":{"line":636,"column":10},"end":{"line":636,"column":26}},"loc":{"start":{"line":636,"column":41},"end":{"line":639,"column":null}},"line":636},"50":{"name":"(anonymous_50)","decl":{"start":{"line":642,"column":10},"end":{"line":642,"column":31}},"loc":{"start":{"line":642,"column":38},"end":{"line":650,"column":null}},"line":642},"51":{"name":"(anonymous_51)","decl":{"start":{"line":652,"column":10},"end":{"line":652,"column":31}},"loc":{"start":{"line":652,"column":42},"end":{"line":679,"column":null}},"line":652},"52":{"name":"(anonymous_52)","decl":{"start":{"line":681,"column":10},"end":{"line":681,"column":31}},"loc":{"start":{"line":681,"column":35},"end":{"line":684,"column":null}},"line":681},"53":{"name":"(anonymous_53)","decl":{"start":{"line":686,"column":10},"end":{"line":686,"column":32}},"loc":{"start":{"line":686,"column":36},"end":{"line":689,"column":null}},"line":686},"54":{"name":"(anonymous_54)","decl":{"start":{"line":691,"column":10},"end":{"line":691,"column":35}},"loc":{"start":{"line":691,"column":69},"end":{"line":696,"column":null}},"line":691},"55":{"name":"(anonymous_55)","decl":{"start":{"line":698,"column":10},"end":{"line":698,"column":31}},"loc":{"start":{"line":698,"column":55},"end":{"line":709,"column":null}},"line":698},"56":{"name":"(anonymous_56)","decl":{"start":{"line":711,"column":10},"end":{"line":711,"column":33}},"loc":{"start":{"line":711,"column":51},"end":{"line":719,"column":null}},"line":711},"57":{"name":"(anonymous_57)","decl":{"start":{"line":721,"column":10},"end":{"line":721,"column":28}},"loc":{"start":{"line":721,"column":39},"end":{"line":734,"column":null}},"line":721},"58":{"name":"(anonymous_58)","decl":{"start":{"line":736,"column":10},"end":{"line":736,"column":34}},"loc":{"start":{"line":736,"column":65},"end":{"line":746,"column":null}},"line":736},"59":{"name":"(anonymous_59)","decl":{"start":{"line":750,"column":10},"end":{"line":750,"column":29}},"loc":{"start":{"line":750,"column":141},"end":{"line":756,"column":null}},"line":750},"60":{"name":"(anonymous_60)","decl":{"start":{"line":758,"column":10},"end":{"line":758,"column":32}},"loc":{"start":{"line":758,"column":138},"end":{"line":767,"column":null}},"line":758},"61":{"name":"(anonymous_61)","decl":{"start":{"line":769,"column":10},"end":{"line":769,"column":32}},"loc":{"start":{"line":769,"column":66},"end":{"line":773,"column":null}},"line":769},"62":{"name":"(anonymous_62)","decl":{"start":{"line":775,"column":10},"end":{"line":775,"column":23}},"loc":{"start":{"line":785,"column":22},"end":{"line":790,"column":null}},"line":785},"63":{"name":"(anonymous_63)","decl":{"start":{"line":792,"column":10},"end":{"line":792,"column":26}},"loc":{"start":{"line":792,"column":237},"end":{"line":813,"column":null}},"line":792},"64":{"name":"(anonymous_64)","decl":{"start":{"line":815,"column":10},"end":{"line":815,"column":25}},"loc":{"start":{"line":815,"column":137},"end":{"line":823,"column":null}},"line":815},"65":{"name":"(anonymous_65)","decl":{"start":{"line":826,"column":10},"end":{"line":826,"column":28}},"loc":{"start":{"line":826,"column":35},"end":{"line":834,"column":null}},"line":826},"66":{"name":"(anonymous_66)","decl":{"start":{"line":836,"column":10},"end":{"line":836,"column":29}},"loc":{"start":{"line":836,"column":33},"end":{"line":839,"column":null}},"line":836},"67":{"name":"(anonymous_67)","decl":{"start":{"line":841,"column":10},"end":{"line":841,"column":27}},"loc":{"start":{"line":841,"column":58},"end":{"line":856,"column":null}},"line":841},"68":{"name":"(anonymous_68)","decl":{"start":{"line":858,"column":10},"end":{"line":858,"column":28}},"loc":{"start":{"line":858,"column":39},"end":{"line":873,"column":null}},"line":858},"69":{"name":"(anonymous_69)","decl":{"start":{"line":875,"column":10},"end":{"line":875,"column":28}},"loc":{"start":{"line":875,"column":32},"end":{"line":878,"column":null}},"line":875},"70":{"name":"(anonymous_70)","decl":{"start":{"line":880,"column":10},"end":{"line":880,"column":38}},"loc":{"start":{"line":880,"column":45},"end":{"line":889,"column":null}},"line":880},"71":{"name":"(anonymous_71)","decl":{"start":{"line":881,"column":30},"end":{"line":881,"column":null}},"loc":{"start":{"line":882,"column":8},"end":{"line":884,"column":null}},"line":882},"72":{"name":"(anonymous_72)","decl":{"start":{"line":891,"column":10},"end":{"line":891,"column":33}},"loc":{"start":{"line":891,"column":52},"end":{"line":898,"column":null}},"line":891},"73":{"name":"(anonymous_73)","decl":{"start":{"line":901,"column":10},"end":{"line":901,"column":25}},"loc":{"start":{"line":901,"column":32},"end":{"line":917,"column":null}},"line":901},"74":{"name":"(anonymous_74)","decl":{"start":{"line":919,"column":10},"end":{"line":919,"column":28}},"loc":{"start":{"line":919,"column":59},"end":{"line":936,"column":null}},"line":919},"75":{"name":"(anonymous_75)","decl":{"start":{"line":938,"column":10},"end":{"line":938,"column":25}},"loc":{"start":{"line":938,"column":56},"end":{"line":944,"column":null}},"line":938},"76":{"name":"(anonymous_76)","decl":{"start":{"line":947,"column":10},"end":{"line":947,"column":32}},"loc":{"start":{"line":947,"column":39},"end":{"line":969,"column":null}},"line":947},"77":{"name":"(anonymous_77)","decl":{"start":{"line":971,"column":10},"end":{"line":971,"column":29}},"loc":{"start":{"line":971,"column":40},"end":{"line":974,"column":null}},"line":971},"78":{"name":"(anonymous_78)","decl":{"start":{"line":976,"column":10},"end":{"line":976,"column":32}},"loc":{"start":{"line":976,"column":43},"end":{"line":979,"column":null}},"line":976},"79":{"name":"(anonymous_79)","decl":{"start":{"line":981,"column":10},"end":{"line":981,"column":32}},"loc":{"start":{"line":981,"column":39},"end":{"line":987,"column":null}},"line":981},"80":{"name":"(anonymous_80)","decl":{"start":{"line":989,"column":10},"end":{"line":989,"column":31}},"loc":{"start":{"line":989,"column":42},"end":{"line":994,"column":null}},"line":989},"81":{"name":"(anonymous_81)","decl":{"start":{"line":996,"column":10},"end":{"line":996,"column":32}},"loc":{"start":{"line":996,"column":36},"end":{"line":999,"column":null}},"line":996},"82":{"name":"(anonymous_82)","decl":{"start":{"line":1001,"column":10},"end":{"line":1001,"column":32}},"loc":{"start":{"line":1001,"column":43},"end":{"line":1006,"column":null}},"line":1001},"83":{"name":"(anonymous_83)","decl":{"start":{"line":1008,"column":10},"end":{"line":1008,"column":31}},"loc":{"start":{"line":1008,"column":38},"end":{"line":1014,"column":null}},"line":1008},"84":{"name":"(anonymous_84)","decl":{"start":{"line":1016,"column":10},"end":{"line":1016,"column":31}},"loc":{"start":{"line":1016,"column":42},"end":{"line":1030,"column":null}},"line":1016},"85":{"name":"(anonymous_85)","decl":{"start":{"line":1032,"column":10},"end":{"line":1032,"column":30}},"loc":{"start":{"line":1032,"column":53},"end":{"line":1037,"column":null}},"line":1032},"86":{"name":"(anonymous_86)","decl":{"start":{"line":1039,"column":10},"end":{"line":1039,"column":32}},"loc":{"start":{"line":1039,"column":36},"end":{"line":1042,"column":null}},"line":1039},"87":{"name":"(anonymous_87)","decl":{"start":{"line":1044,"column":10},"end":{"line":1044,"column":32}},"loc":{"start":{"line":1044,"column":39},"end":{"line":1055,"column":null}},"line":1044},"88":{"name":"(anonymous_88)","decl":{"start":{"line":1057,"column":10},"end":{"line":1057,"column":31}},"loc":{"start":{"line":1057,"column":40},"end":{"line":1062,"column":null}},"line":1057},"89":{"name":"(anonymous_89)","decl":{"start":{"line":1065,"column":10},"end":{"line":1065,"column":23}},"loc":{"start":{"line":1065,"column":84},"end":{"line":1070,"column":null}},"line":1065},"90":{"name":"(anonymous_90)","decl":{"start":{"line":1072,"column":10},"end":{"line":1072,"column":null}},"loc":{"start":{"line":1078,"column":29},"end":{"line":1093,"column":null}},"line":1078},"91":{"name":"(anonymous_91)","decl":{"start":{"line":1095,"column":10},"end":{"line":1095,"column":33}},"loc":{"start":{"line":1095,"column":75},"end":{"line":1100,"column":null}},"line":1095},"92":{"name":"(anonymous_92)","decl":{"start":{"line":1103,"column":10},"end":{"line":1103,"column":30}},"loc":{"start":{"line":1103,"column":114},"end":{"line":1121,"column":null}},"line":1103},"93":{"name":"(anonymous_93)","decl":{"start":{"line":1123,"column":10},"end":{"line":1123,"column":27}},"loc":{"start":{"line":1123,"column":73},"end":{"line":1128,"column":null}},"line":1123},"94":{"name":"(anonymous_94)","decl":{"start":{"line":1130,"column":10},"end":{"line":1130,"column":37}},"loc":{"start":{"line":1130,"column":88},"end":{"line":1138,"column":null}},"line":1130},"95":{"name":"(anonymous_95)","decl":{"start":{"line":1131,"column":48},"end":{"line":1131,"column":49}},"loc":{"start":{"line":1131,"column":58},"end":{"line":1131,"column":69}},"line":1131},"96":{"name":"(anonymous_96)","decl":{"start":{"line":1133,"column":43},"end":{"line":1133,"column":49}},"loc":{"start":{"line":1133,"column":49},"end":{"line":1133,"column":52}},"line":1133},"97":{"name":"(anonymous_97)","decl":{"start":{"line":1140,"column":10},"end":{"line":1140,"column":36}},"loc":{"start":{"line":1140,"column":87},"end":{"line":1154,"column":null}},"line":1140},"98":{"name":"(anonymous_98)","decl":{"start":{"line":1141,"column":48},"end":{"line":1141,"column":49}},"loc":{"start":{"line":1141,"column":58},"end":{"line":1141,"column":69}},"line":1141},"99":{"name":"(anonymous_99)","decl":{"start":{"line":1149,"column":43},"end":{"line":1149,"column":49}},"loc":{"start":{"line":1149,"column":49},"end":{"line":1149,"column":52}},"line":1149},"100":{"name":"(anonymous_100)","decl":{"sta
[...]
53":0,"54":0,"55":0,"56":0,"57":0,"58":0,"59":11,"60":0,"61":0,"62":0,"63":0,"64":0,"65":0,"66":0,"67":0,"68":0,"69":0,"70":0,"71":11,"72":0,"73":0,"74":0,"75":0,"76":0,"77":0,"78":0,"79":0,"80":0,"81":0,"82":0,"83":0,"84":0,"85":0,"86":0,"87":0,"88":0,"89":11,"90":0,"91":0,"92":0,"93":0,"94":0,"95":0,"96":0,"97":0,"98":0,"99":0,"100":0,"101":0,"102":0,"103":0,"104":0,"105":0,"106":11,"107":0,"108":0,"109":0,"110":0,"111":0,"112":0,"113":0,"114":0,"115":0,"116":0,"117":0,"118":0,"119":0},"f":{"0":0,"1":0,"2":0,"3":0,"4":0,"5":0,"6":0,"7":0},"b":{"0":[0,0],"1":[0,0],"2":[0,0],"3":[0,0],"4":[0,0],"5":[0,0,0],"6":[0,0],"7":[0,0],"8":[0,0],"9":[0,0],"10":[0,0],"11":[0,0],"12":[0,0],"13":[0,0],"14":[0,0],"15":[0,0,0],"16":[0,0],"17":[0,0],"18":[0,0],"19":[0,0],"20":[0,0],"21":[0,0],"22":[0,0],"23":[0,0],"24":[0,0],"25":[0,0],"26":[0,0],"27":[0,0],"28":[0,0],"29":[0,0],"30":[0,0],"31":[0,0],"32":[0,0],"33":[0,0],"34":[0,0],"35":[0,0,0],"36":[0,0],"37":[0,0],"38":[0,0],"39":[0,0],"40":[0,0],"41":[0,0],"42":[0,0],"43":[0,0],"44":[0,0],"45":[0,0],"46":[0,0],"47":[0,0],"48":[0,0]},"meta":{"lastBranch":49,"lastFunction":8,"lastStatement":120,"seen":{"s:9:21:9:Infinity":0,"s:11:18:11:Infinity":1,"s:12:17:12:Infinity":2,"s:15:0:41:Infinity":3,"f:15:38:15:45":0,"s:16:20:16:Infinity":4,"s:17:16:17:Infinity":5,"b:19:2:19:Infinity:undefined:undefined:undefined:undefined":0,"s:19:2:19:Infinity":6,"s:19:33:19:Infinity":7,"b:20:2:20:Infinity:undefined:undefined:undefined:undefined":1,"s:20:2:20:Infinity":8,"s:20:34:20:Infinity":9,"b:21:2:21:Infinity:undefined:undefined:undefined:undefined":2,"s:21:2:21:Infinity":10,"s:21:48:21:Infinity":11,"b:22:2:22:Infinity:undefined:undefined:undefined:undefined":3,"s:22:2:22:Infinity":12,"s:22:29:22:Infinity":13,"b:23:2:23:Infinity:undefined:undefined:undefined:undefined":4,"s:23:2:23:Infinity":14,"b:23:6:23:22:23:22:23:41:23:41:23:58":5,"s:23:58:23:Infinity":15,"s:25:8:25:Infinity":16,"s:26:16:37:Infinity":17,"b:31:23:31:57:31:57:31:Infinity":6,"b:32:18:32:47:32:47:32:Infinity":7,"b:35:15:35:33:35:33:35:Infinity":8,"b:36:15:36:41:36:41:36:Infinity":9,"s:39:2:39:Infinity":18,"s:40:2:40:Infinity":19,"s:44:0:73:Infinity":20,"f:44:39:44:46":1,"s:45:15:45:Infinity":21,"s:46:16:46:Infinity":22,"b:48:2:48:Infinity:undefined:undefined:undefined:undefined":10,"s:48:2:48:Infinity":23,"s:48:33:48:Infinity":24,"b:49:2:49:Infinity:undefined:undefined:undefined:undefined":11,"s:49:2:49:Infinity":25,"s:49:34:49:Infinity":26,"b:50:2:50:Infinity:undefined:undefined:undefined:undefined":12,"s:50:2:50:Infinity":27,"s:50:48:50:Infinity":28,"b:51:2:51:Infinity:undefined:undefined:undefined:undefined":13,"s:51:2:51:Infinity":29,"s:51:29:51:Infinity":30,"b:52:2:52:Infinity:undefined:undefined:undefined:undefined":14,"s:52:2:52:Infinity":31,"b:52:6:52:22:52:22:52:41:52:41:52:58":15,"s:52:58:52:Infinity":32,"s:54:8:54:Infinity":33,"s:55:18:55:Infinity":34,"b:56:2:56:Infinity:undefined:undefined:undefined:undefined":16,"s:56:2:56:Infinity":35,"s:56:16:56:Infinity":36,"s:58:16:69:Infinity":37,"b:63:23:63:57:63:57:63:Infinity":17,"b:64:18:64:47:64:47:64:Infinity":18,"b:67:15:67:33:67:33:67:Infinity":19,"b:68:15:68:41:68:41:68:Infinity":20,"s:71:2:71:Infinity":38,"s:72:2:72:Infinity":39,"s:78:0:91:Infinity":40,"f:78:38:78:45":2,"s:79:15:79:Infinity":41,"s:80:8:80:Infinity":42,"s:82:14:82:Infinity":43,"b:83:2:83:Infinity:undefined:undefined:undefined:undefined":21,"s:83:2:83:Infinity":44,"s:83:11:83:Infinity":45,"s:85:8:85:Infinity":46,"s:86:18:86:Infinity":47,"b:87:2:87:Infinity:undefined:undefined:undefined:undefined":22,"s:87:2:87:Infinity":48,"s:87:16:87:Infinity":49,"s:89:19:89:Infinity":50,"s:90:2:90:Infinity":51,"s:94:0:101:Infinity":52,"f:94:37:94:44":3,"s:95:20:95:Infinity":53,"s:96:16:96:Infinity":54,"b:96:25:96:49:96:49:96:55":23,"s:97:16:97:Infinity":55,"b:97:16:97:39:97:39:97:Infinity":24,"s:98:8:98:Infinity":56,"s:99:15:99:Infinity":57,"s:100:2:100:Infinity":58,"s:104:0:120:Infinity":59,"f:104:41:104:48":4,"s:105:17:105:Infinity":60,"s:106:20:106:Infinity":61,"b:107:2:107:Infinity:undefined:undefined:undefined:undefined":25,"s:107:2:107:Infinity":62,"s:107:18:107:Infinity":63,"s:109:15:109:Infinity":64,"b:109:24:109:47:109:47:109:52":26,"s:110:8:110:Infinity":65,"s:112:18:112:Infinity":66,"b:113:2:113:Infinity:undefined:undefined:undefined:undefined":27,"s:113:2:113:Infinity":67,"b:113:6:113:18:113:18:113:47":28,"s:113:47:113:Infinity":68,"s:115:26:118:Infinity":69,"s:119:2:119:Infinity":70,"s:123:0:152:Infinity":71,"f:123:59:123:66":5,"s:124:17:124:Infinity":72,"s:125:20:125:Infinity":73,"s:127:8:127:Infinity":74,"s:128:18:128:Infinity":75,"b:129:2:129:Infinity:undefined:undefined:undefined:undefined":29,"s:129:2:129:Infinity":76,"b:129:6:129:18:129:18:129:47":30,"s:129:47:129:Infinity":77,"s:131:16:131:Infinity":78,"b:133:2:133:Infinity:undefined:undefined:undefined:undefined":31,"s:133:2:133:Infinity":79,"s:133:33:133:Infinity":80,"b:134:2:134:Infinity:undefined:undefined:undefined:undefined":32,"s:134:2:134:Infinity":81,"s:134:34:134:Infinity":82,"b:135:2:135:Infinity:undefined:undefined:undefined:undefined":33,"s:135:2:135:Infinity":83,"s:135:29:135:Infinity":84,"b:136:2:136:Infinity:undefined:undefined:undefined:undefined":34,"s:136:2:136:Infinity":85,"b:136:6:136:22:136:22:136:41:136:41:136:58":35,"s:136:58:136:Infinity":86,"s:138:16:149:Infinity":87,"b:143:23:143:57:143:57:143:Infinity":36,"b:144:18:144:47:144:47:144:Infinity":37,"b:147:15:147:33:147:33:147:Infinity":38,"b:148:15:148:41:148:41:148:Infinity":39,"s:151:2:151:Infinity":88,"s:155:0:173:Infinity":89,"f:155:43:155:50":6,"s:156:17:156:Infinity":90,"s:157:18:157:Infinity":91,"s:158:20:158:Infinity":92,"b:159:2:159:Infinity:undefined:undefined:undefined:undefined":40,"s:159:2:159:Infinity":93,"s:159:18:159:Infinity":94,"s:161:8:161:Infinity":95,"s:162:18:162:Infinity":96,"b:163:2:163:Infinity:undefined:undefined:undefined:undefined":41,"s:163:2:163:Infinity":97,"b:163:6:163:18:163:18:163:47":42,"s:163:47:163:Infinity":98,"s:165:15:165:Infinity":99,"b:166:2:168:Infinity:undefined:undefined:undefined:undefined":43,"s:166:2:168:Infinity":100,"s:167:4:167:Infinity":101,"s:170:18:170:Infinity":102,"b:171:2:171:Infinity:undefined:undefined:undefined:undefined":44,"s:171:2:171:Infinity":103,"s:171:16:171:Infinity":104,"s:172:2:172:Infinity":105,"s:176:0:189:Infinity":106,"f:176:44:176:51":7,"s:177:17:177:Infinity":107,"s:178:18:178:Infinity":108,"s:179:20:179:Infinity":109,"b:180:2:180:Infinity:undefined:undefined:undefined:undefined":45,"s:180:2:180:Infinity":110,"s:180:18:180:Infinity":111,"s:182:8:182:Infinity":112,"s:183:18:183:Infinity":113,"b:184:2:184:Infinity:undefined:undefined:undefined:undefined":46,"s:184:2:184:Infinity":114,"b:184:6:184:18:184:18:184:47":47,"s:184:47:184:Infinity":115,"s:186:18:186:Infinity":116,"b:187:2:187:Infinity:undefined:undefined:undefined:undefined":48,"s:187:2:187:Infinity":117,"s:187:16:187:Infinity":118,"s:188:2:188:Infinity":119}}}
,"/Users/sarthak/Desktop/fleet/saas-maker/workers/api/src/routes/upload.ts": {"path":"/Users/sarthak/Desktop/fleet/saas-maker/workers/api/src/routes/upload.ts","statementMap":{"0":{"start":{"line":5,"column":15},"end":{"line":5,"column":null}},"1":{"start":{"line":7,"column":22},"end":{"line":7,"column":null}},"2":{"start":{"line":8,"column":22},"end":{"line":8,"column":null}},"3":{"start":{"line":10,"column":0},"end":{"line":27,"column":null}},"4":{"start":{"line":11,"column":19},"end":{"line":11,"column":null}},"5":{"start":{"line":12,"column":15},"end":{"line":12,"column":null}},"6":{"start":{"line":14,"column":2},"end":{"line":14,"column":null}},"7":{"start":{"line":14,"column":13},"end":{"line":14,"column":null}},"8":{"start":{"line":15,"column":2},"end":{"line":15,"column":null}},"9":{"start":{"line":15,"column":42},"end":{"line":15,"column":null}},"10":{"start":{"line":16,"column":2},"end":{"line":16,"column":null}},"11":{"start":{"line":16,"column":33},"end":{"line":16,"column":null}},"12":{"start":{"line":18,"column":14},"end":{"line":18,"column":null}},"13":{"start":{"line":19,"column":14},"end":{"line":19,"column":null}},"14":{"start":{"line":21,"column":2},"end":{"line":23,"column":null}},"15":{"start":{"line":25,"column":19},"end":{"line":25,"column":null}},"16":{"start":{"line":26,"column":2},"end":{"line":26,"column":null}}},"fnMap":{"0":{"name":"(anonymous_0)","decl":{"start":{"line":10,"column":32},"end":{"line":10,"column":39}},"loc":{"start":{"line":10,"column":45},"end":{"line":27,"column":1}},"line":10}},"branchMap":{"0":{"loc":{"start":{"line":14,"column":2},"end":{"line":14,"column":null}},"type":"if","locations":[{"start":{"line":14,"column":2},"end":{"line":14,"column":null}},{"start":{},"end":{}}],"line":14},"1":{"loc":{"start":{"line":15,"column":2},"end":{"line":15,"column":null}},"type":"if","locations":[{"start":{"line":15,"column":2},"end":{"line":15,"column":null}},{"start":{},"end":{}}],"line":15},"2":{"loc":{"start":{"line":16,"column":2},"end":{"line":16,"column":null}},"type":"if","locations":[{"start":{"line":16,"column":2},"end":{"line":16,"column":null}},{"start":{},"end":{}}],"line":16}},"s":{"0":11,"1":11,"2":11,"3":11,"4":0,"5":0,"6":0,"7":0,"8":0,"9":0,"10":0,"11":0,"12":0,"13":0,"14":0,"15":0,"16":0},"f":{"0":0},"b":{"0":[0,0],"1":[0,0],"2":[0,0]},"meta":{"lastBranch":3,"lastFunction":1,"lastStatement":17,"seen":{"s:5:15:5:Infinity":0,"s:7:22:7:Infinity":1,"s:8:22:8:Infinity":2,"s:10:0:27:Infinity":3,"f:10:32:10:39":0,"s:11:19:11:Infinity":4,"s:12:15:12:Infinity":5,"b:14:2:14:Infinity:undefined:undefined:undefined:undefined":0,"s:14:2:14:Infinity":6,"s:14:13:14:Infinity":7,"b:15:2:15:Infinity:undefined:undefined:undefined:undefined":1,"s:15:2:15:Infinity":8,"s:15:42:15:Infinity":9,"b:16:2:16:Infinity:undefined:undefined:undefined:undefined":2,"s:16:2:16:Infinity":10,"s:16:33:16:Infinity":11,"s:18:14:18:Infinity":12,"s:19:14:19:Infinity":13,"s:21:2:23:Infinity":14,"s:25:19:25:Infinity":15,"s:26:2:26:Infinity":16}}}
,"/Users/sarthak/Desktop/fleet/saas-maker/workers/api/src/routes/waitlist.ts": {"path":"/Users/sarthak/Desktop/fleet/saas-maker/workers/api/src/routes/waitlist.ts","statementMap":{"0":{"start":{"line":8,"column":17},"end":{"line":8,"column":null}},"1":{"start":{"line":10,"column":18},"end":{"line":10,"column":null}},"2":{"start":{"line":11,"column":17},"end":{"line":11,"column":null}},"3":{"start":{"line":14,"column":0},"end":{"line":39,"column":null}},"4":{"start":{"line":15,"column":20},"end":{"line":15,"column":null}},"5":{"start":{"line":16,"column":16},"end":{"line":16,"column":null}},"6":{"start":{"line":18,"column":2},"end":{"line":18,"column":null}},"7":{"start":{"line":18,"column":27},"end":{"line":18,"column":null}},"8":{"start":{"line":19,"column":2},"end":{"line":19,"column":null}},"9":{"start":{"line":19,"column":41},"end":{"line":19,"column":null}},"10":{"start":{"line":21,"column":8},"end":{"line":21,"column":null}},"11":{"start":{"line":23,"column":2},"end":{"line":38,"column":null}},"12":{"start":{"line":24,"column":18},"end":{"line":29,"column":null}},"13":{"start":{"line":30,"column":4},"end":{"line":30,"column":null}},"14":{"start":{"line":32,"column":4},"end":{"line":32,"column":null}},"15":{"start":{"line":34,"column":4},"end":{"line":36,"column":null}},"16":{"start":{"line":35,"column":6},"end":{"line":35,"column":null}},"17":{"start":{"line":37,"column":4},"end":{"line":37,"column":null}},"18":{"start":{"line":42,"column":0},"end":{"line":47,"column":null}},"19":{"start":{"line":43,"column":20},"end":{"line":43,"column":null}},"20":{"start":{"line":44,"column":8},"end":{"line":44,"column":null}},"21":{"start":{"line":45,"column":16},"end":{"line":45,"column":null}},"22":{"start":{"line":46,"column":2},"end":{"line":46,"column":null}},"23":{"start":{"line":50,"column":0},"end":{"line":63,"column":null}},"24":{"start":{"line":51,"column":17},"end":{"line":51,"column":null}},"25":{"start":{"line":52,"column":20},"end":{"line":52,"column":null}},"26":{"start":{"line":53,"column":2},"end":{"line":53,"column":null}},"27":{"start":{"line":53,"column":18},"end":{"line":53,"column":null}},"28":{"start":{"line":55,"column":15},"end":{"line":55,"column":null}},"29":{"start":{"line":56,"column":8},"end":{"line":56,"column":null}},"30":{"start":{"line":58,"column":18},"end":{"line":58,"column":null}},"31":{"start":{"line":59,"column":2},"end":{"line":59,"column":null}},"32":{"start":{"line":59,"column":47},"end":{"line":59,"column":null}},"33":{"start":{"line":61,"column":17},"end":{"line":61,"column":null}},"34":{"start":{"line":62,"column":2},"end":{"line":62,"column":null}},"35":{"start":{"line":66,"column":0},"end":{"line":80,"column":null}},"36":{"start":{"line":67,"column":17},"end":{"line":67,"column":null}},"37":{"start":{"line":68,"column":18},"end":{"line":68,"column":null}},"38":{"start":{"line":69,"column":8},"end":{"line":69,"column":null}},"39":{"start":{"line":71,"column":20},"end":{"line":71,"column":null}},"40":{"start":{"line":72,"column":2},"end":{"line":72,"column":null}},"41":{"start":{"line":72,"column":18},"end":{"line":72,"column":null}},"42":{"start":{"line":74,"column":18},"end":{"line":74,"column":null}},"43":{"start":{"line":75,"column":2},"end":{"line":75,"column":null}},"44":{"start":{"line":75,"column":47},"end":{"line":75,"column":null}},"45":{"start":{"line":77,"column":18},"end":{"line":77,"column":null}},"46":{"start":{"line":78,"column":2},"end":{"line":78,"column":null}},"47":{"start":{"line":78,"column":16},"end":{"line":78,"column":null}},"48":{"start":{"line":79,"column":2},"end":{"line":79,"column":null}}},"fnMap":{"0":{"name":"(anonymous_0)","decl":{"start":{"line":14,"column":34},"end":{"line":14,"column":41}},"loc":{"start":{"line":14,"column":47},"end":{"line":39,"column":1}},"line":14},"1":{"name":"(anonymous_1)","decl":{"start":{"line":42,"column":38},"end":{"line":42,"column":45}},"loc":{"start":{"line":42,"column":51},"end":{"line":47,"column":1}},"line":42},"2":{"name":"(anonymous_2)","decl":{"start":{"line":50,"column":34},"end":{"line":50,"column":41}},"loc":{"start":{"line":50,"column":47},"end":{"line":63,"column":1}},"line":50},"3":{"name":"(anonymous_3)","decl":{"start":{"line":66,"column":40},"end":{"line":66,"column":47}},"loc":{"start":{"line":66,"column":53},"end":{"line":80,"column":1}},"line":66}},"branchMap":{"0":{"loc":{"start":{"line":18,"column":2},"end":{"line":18,"column":null}},"type":"if","locations":[{"start":{"line":18,"column":2},"end":{"line":18,"column":null}},{"start":{},"end":{}}],"line":18},"1":{"loc":{"start":{"line":19,"column":2},"end":{"line":19,"column":null}},"type":"if","locations":[{"start":{"line":19,"column":2},"end":{"line":19,"column":null}},{"start":{},"end":{}}],"line":19},"2":{"loc":{"start":{"line":28,"column":12},"end":{"line":28,"column":null}},"type":"binary-expr","locations":[{"start":{"line":28,"column":12},"end":{"line":28,"column":33}},{"start":{"line":28,"column":33},"end":{"line":28,"column":null}}],"line":28},"3":{"loc":{"start":{"line":30,"column":134},"end":{"line":30,"column":158}},"type":"binary-expr","locations":[{"start":{"line":30,"column":134},"end":{"line":30,"column":148}},{"start":{"line":30,"column":148},"end":{"line":30,"column":158}}],"line":30},"4":{"loc":{"start":{"line":34,"column":4},"end":{"line":36,"column":null}},"type":"if","locations":[{"start":{"line":34,"column":4},"end":{"line":36,"column":null}},{"start":{},"end":{}}],"line":34},"5":{"loc":{"start":{"line":34,"column":8},"end":{"line":34,"column":64}},"type":"binary-expr","locations":[{"start":{"line":34,"column":8},"end":{"line":34,"column":44}},{"start":{"line":34,"column":44},"end":{"line":34,"column":64}}],"line":34},"6":{"loc":{"start":{"line":53,"column":2},"end":{"line":53,"column":null}},"type":"if","locations":[{"start":{"line":53,"column":2},"end":{"line":53,"column":null}},{"start":{},"end":{}}],"line":53},"7":{"loc":{"start":{"line":55,"column":24},"end":{"line":55,"column":52}},"type":"binary-expr","locations":[{"start":{"line":55,"column":24},"end":{"line":55,"column":47}},{"start":{"line":55,"column":47},"end":{"line":55,"column":52}}],"line":55},"8":{"loc":{"start":{"line":59,"column":2},"end":{"line":59,"column":null}},"type":"if","locations":[{"start":{"line":59,"column":2},"end":{"line":59,"column":null}},{"start":{},"end":{}}],"line":59},"9":{"loc":{"start":{"line":59,"column":6},"end":{"line":59,"column":47}},"type":"binary-expr","locations":[{"start":{"line":59,"column":6},"end":{"line":59,"column":18}},{"start":{"line":59,"column":18},"end":{"line":59,"column":47}}],"line":59},"10":{"loc":{"start":{"line":72,"column":2},"end":{"line":72,"column":null}},"type":"if","locations":[{"start":{"line":72,"column":2},"end":{"line":72,"column":null}},{"start":{},"end":{}}],"line":72},"11":{"loc":{"start":{"line":75,"column":2},"end":{"line":75,"column":null}},"type":"if","locations":[{"start":{"line":75,"column":2},"end":{"line":75,"column":null}},{"start":{},"end":{}}],"line":75},"12":{"loc":{"start":{"line":75,"column":6},"end":{"line":75,"column":47}},"type":"binary-expr","locations":[{"start":{"line":75,"column":6},"end":{"line":75,"column":18}},{"start":{"line":75,"column":18},"end":{"line":75,"column":47}}],"line":75},"13":{"loc":{"start":{"line":78,"column":2},"end":{"line":78,"column":null}},"type":"if","locations":[{"start":{"line":78,"column":2},"end":{"line":78,"column":null}},{"start":{},"end":{}}],"line":78}},"s":{"0":11,"1":11,"2":11,"3":11,"4":0,"5":0,"6":0,"7":0,"8":0,"9":0,"10":0,"11":0,"12":0,"13":0,"14":0,"15":0,"16":0,"17":0,"18":11,"19":0,"20":0,"21":0,"22":0,"23":11,"24":0,"25":0,"26":0,"27":0,"28":0,"29":0,"30":0,"31":0,"32":0,"33":0,"34":0,"35":11,"36":0,"37":0,"38":0,"39":0,"40":0,"41":0,"42":0,"43":0,"44":0,"45":0,"46":0,"47":0,"48":0},"f":{"0":0,"1":0,"2":0,"3":0},"b":{"0":[0,0],"1":[0,0],"2":[0,0],"3":[0,0],"4":[0,0],"5":[0,0],"6":[0,0],"7":[0,0],"8":[0,0],"9":[0,0],"10":[0,0],"11":[0,0],"12":[0,0],"13":[0,0]},"meta":{"lastBranch":14,"lastFunction":4,"lastStatement":49,"seen":{"s:8:17:8:Infinity":0,"s:10:18:10:Infinity":1,"s:11:17:11:Infinity":2,"s:14:0:39:Infinity":3,"f:14:34:14:41":0,"s:15:20:15:Infinity":4,"s:16:16:16:Infinity":5,"b:18:2:18:Infinity:undefined:undefined:undefined:undefined":0,"s:18:2:18:Infinity":6,"s:18:27:18:Infinity":7,"b:19:2:19:Infinity:undefined:undefined:undefined:undefined":1,"s:19:2:19:Infinity":8,"s:19:41:19:Infinity":9,"s:21:8:21:Infinity":10,"s:23:2:38:Infinity":11,"s:24:18:29:Infinity":12,"b:28:12:28:33:28:33:28:Infinity":2,"s:30:4:30:Infinity":13,"b:30:134:30:148:30:148:30:158":3,"s:32:4:32:Infinity":14,"b:34:4:36:Infinity:undefined:undefined:undefined:undefined":4,"s:34:4:36:Infinity":15,"b:34:8:34:44:34:44:34:64":5,"s:35:6:35:Infinity":16,"s:37:4:37:Infinity":17,"s:42:0:47:Infinity":18,"f:42:38:42:45":1,"s:43:20:43:Infinity":19,"s:44:8:44:Infinity":20,"s:45:16:45:Infinity":21,"s:46:2:46:Infinity":22,"s:50:0:63:Infinity":23,"f:50:34:50:41":2,"s:51:17:51:Infinity":24,"s:52:20:52:Infinity":25,"b:53:2:53:Infinity:undefined:undefined:undefined:undefined":6,"s:53:2:53:Infinity":26,"s:53:18:53:Infinity":27,"s:55:15:55:Infinity":28,"b:55:24:55:47:55:47:55:52":7,"s:56:8:56:Infinity":29,"s:58:18:58:Infinity":30,"b:59:2:59:Infinity:undefined:undefined:undefined:undefined":8,"s:59:2:59:Infinity":31,"b:59:6:59:18:59:18:59:47":9,"s:59:47:59:Infinity":32,"s:61:17:61:Infinity":33,"s:62:2:62:Infinity":34,"s:66:0:80:Infinity":35,"f:66:40:66:47":3,"s:67:17:67:Infinity":36,"s:68:18:68:Infinity":37,"s:69:8:69:Infinity":38,"s:71:20:71:Infinity":39,"b:72:2:72:Infinity:undefined:undefined:undefined:undefined":10,"s:72:2:72:Infinity":40,"s:72:18:72:Infinity":41,"s:74:18:74:Infinity":42,"b:75:2:75:Infinity:undefined:undefined:undefined:undefined":11,"s:75:2:75:Infinity":43,"b:75:6:75:18:75:18:75:47":12,"s:75:47:75:Infinity":44,"s:77:18:77:Infinity":45,"b:78:2:78:Infinity:undefined:undefined:undefined:undefined":13,"s:78:2:78:Infinity":46,"s:78:16:78:Infinity":47,"s:79:2:79:Infinity":48}}}
}
